2020-09-16 21:21:20,220 [INFO] Activator:178 - 


2020-09-16 21:21:20,224 [INFO] Activator:179 - !SESSION log4j initialized
2020-09-16 21:28:20,922 [INFO] ApplicationProperties:181 - Using Application install path: C:\ST\STM32CubeIDE_1.4.0\STM32CubeIDE\plugins\com.st.stm32cube.common.mx_6.0.0.202007160824
2020-09-16 21:28:20,954 [INFO] DbMcusXml:70 - Set database path to: C:\ST\STM32CubeIDE_1.4.0\STM32CubeIDE\plugins\com.st.stm32cube.common.mx_6.0.0.202007160824\\db\/mcu/
2020-09-16 21:28:20,958 [INFO] DbBoardsPdsc:56 - Set plugin database path to: C:\ST\STM32CubeIDE_1.4.0\STM32CubeIDE\plugins\com.st.stm32cube.common.mx_6.0.0.202007160824\\db\/plugins/boardmanager/
2020-09-16 21:28:20,959 [INFO] DbMcus:258 - Set plugin images path to: C:\ST\STM32CubeIDE_1.4.0\STM32CubeIDE\plugins\com.st.stm32cube.common.mx_6.0.0.202007160824\\db\/plugins/mcufinder/images/
2020-09-16 21:28:20,959 [INFO] DbBoards:264 - Set plugin images path to: C:\ST\STM32CubeIDE_1.4.0\STM32CubeIDE\plugins\com.st.stm32cube.common.mx_6.0.0.202007160824\\db\/plugins/mcufinder/images/
2020-09-16 21:28:20,963 [INFO] DbExamples:326 - Set plugin images path to: C:\ST\STM32CubeIDE_1.4.0\STM32CubeIDE\plugins\com.st.stm32cube.common.mx_6.0.0.202007160824\\db\/plugins/mcufinder/images/
2020-09-16 21:28:20,969 [INFO] DbMcusDocs:112 - Set database path to: C:\Users\Karol\.stmcufinder\plugins\mcufinder//mcu/
2020-09-16 21:28:20,972 [INFO] DbMcusJson:63 - Set database path to: C:\Users\Karol\.stmcufinder\plugins\mcufinder//mcu/
2020-09-16 21:28:20,973 [INFO] DbBoardsDocs:112 - Set database path to: C:\Users\Karol\.stmcufinder\plugins\mcufinder//mcu/
2020-09-16 21:28:20,975 [INFO] DbBoardsJson:56 - Set database path to: C:\Users\Karol\.stmcufinder\plugins\mcufinder//mcu/
2020-09-16 21:28:21,044 [INFO] CrossReferenceDbSqlite:196 - Set database path to: C:\Users\Karol\.stmcufinder\plugins\mcufinder//mcu/cs/
2020-09-16 21:28:21,049 [INFO] DbExamplesSqlite:800 - Set database path to: C:\Users\Karol\.stmcufinder\plugins\mcufinder//mcu/
2020-09-16 21:28:21,244 [INFO] RulesReader:52 - Compatibility file has been processed (209 Rules)
2020-09-16 21:28:21,423 [INFO] MicroXplorer:564 - Detected Java Version = 1.8.0_252
2020-09-16 21:28:21,424 [INFO] DbMcusXml:70 - Set database path to: C:\ST\STM32CubeIDE_1.4.0\STM32CubeIDE\plugins\com.st.stm32cube.common.mx_6.0.0.202007160824\\db\/mcu/
2020-09-16 21:28:21,424 [INFO] DbBoardsPdsc:56 - Set plugin database path to: C:\ST\STM32CubeIDE_1.4.0\STM32CubeIDE\plugins\com.st.stm32cube.common.mx_6.0.0.202007160824\\db\/plugins/boardmanager/
2020-09-16 21:28:21,425 [INFO] DbMcus:258 - Set plugin images path to: C:\ST\STM32CubeIDE_1.4.0\STM32CubeIDE\plugins\com.st.stm32cube.common.mx_6.0.0.202007160824\\db\/plugins/mcufinder/images/
2020-09-16 21:28:21,426 [INFO] DbBoards:264 - Set plugin images path to: C:\ST\STM32CubeIDE_1.4.0\STM32CubeIDE\plugins\com.st.stm32cube.common.mx_6.0.0.202007160824\\db\/plugins/mcufinder/images/
2020-09-16 21:28:21,426 [INFO] DbExamples:326 - Set plugin images path to: C:\ST\STM32CubeIDE_1.4.0\STM32CubeIDE\plugins\com.st.stm32cube.common.mx_6.0.0.202007160824\\db\/plugins/mcufinder/images/
2020-09-16 21:28:21,426 [WARN] DbFile:36 - Overriding database path with different value: C:\Users\Karol\.stmcufinder\plugins\mcufinder/ => C:\Users\Karol\.stmcufinder\plugins\mcufinder
2020-09-16 21:28:21,426 [INFO] DbMcusDocs:112 - Set database path to: C:\Users\Karol\.stmcufinder\plugins\mcufinder//mcu/
2020-09-16 21:28:21,427 [WARN] DbFile:36 - Overriding database path with different value: C:\Users\Karol\.stmcufinder\plugins\mcufinder/ => C:\Users\Karol\.stmcufinder\plugins\mcufinder
2020-09-16 21:28:21,427 [INFO] DbMcusJson:63 - Set database path to: C:\Users\Karol\.stmcufinder\plugins\mcufinder//mcu/
2020-09-16 21:28:21,427 [WARN] DbFile:36 - Overriding database path with different value: C:\Users\Karol\.stmcufinder\plugins\mcufinder/ => C:\Users\Karol\.stmcufinder\plugins\mcufinder
2020-09-16 21:28:21,427 [INFO] DbBoardsDocs:112 - Set database path to: C:\Users\Karol\.stmcufinder\plugins\mcufinder//mcu/
2020-09-16 21:28:21,428 [WARN] DbFile:36 - Overriding database path with different value: C:\Users\Karol\.stmcufinder\plugins\mcufinder/ => C:\Users\Karol\.stmcufinder\plugins\mcufinder
2020-09-16 21:28:21,428 [INFO] DbBoardsJson:56 - Set database path to: C:\Users\Karol\.stmcufinder\plugins\mcufinder//mcu/
2020-09-16 21:28:21,431 [WARN] DbFile:36 - Overriding database path with different value: C:\Users\Karol\.stmcufinder\plugins\mcufinder/ => C:\Users\Karol\.stmcufinder\plugins\mcufinder
2020-09-16 21:28:21,431 [WARN] DbFile:36 - Overriding database path with different value: C:\Users\Karol\.stmcufinder\plugins\mcufinder/ => C:\Users\Karol\.stmcufinder\plugins\mcufinder
2020-09-16 21:28:21,432 [INFO] CrossReferenceDbSqlite:196 - Set database path to: C:\Users\Karol\.stmcufinder\plugins\mcufinder//mcu/cs/
2020-09-16 21:28:21,432 [WARN] DbFile:36 - Overriding database path with different value: C:\Users\Karol\.stmcufinder\plugins\mcufinder/ => C:\Users\Karol\.stmcufinder\plugins\mcufinder
2020-09-16 21:28:21,432 [INFO] DbExamplesSqlite:800 - Set database path to: C:\Users\Karol\.stmcufinder\plugins\mcufinder//mcu/
2020-09-16 21:28:21,561 [INFO] MainPanel:189 - HeapMemory: 307232768
2020-09-16 21:28:21,683 [INFO] DbMcusXml:70 - Set database path to: C:\ST\STM32CubeIDE_1.4.0\STM32CubeIDE\plugins\com.st.stm32cube.common.mx_6.0.0.202007160824\\db\/mcu/
2020-09-16 21:28:21,683 [INFO] DbBoardsPdsc:56 - Set plugin database path to: C:\ST\STM32CubeIDE_1.4.0\STM32CubeIDE\plugins\com.st.stm32cube.common.mx_6.0.0.202007160824\\db\/plugins/boardmanager/
2020-09-16 21:28:21,684 [INFO] DbMcus:258 - Set plugin images path to: C:\ST\STM32CubeIDE_1.4.0\STM32CubeIDE\plugins\com.st.stm32cube.common.mx_6.0.0.202007160824\\db\/plugins/mcufinder/images/
2020-09-16 21:28:21,684 [INFO] DbBoards:264 - Set plugin images path to: C:\ST\STM32CubeIDE_1.4.0\STM32CubeIDE\plugins\com.st.stm32cube.common.mx_6.0.0.202007160824\\db\/plugins/mcufinder/images/
2020-09-16 21:28:21,684 [INFO] DbExamples:326 - Set plugin images path to: C:\ST\STM32CubeIDE_1.4.0\STM32CubeIDE\plugins\com.st.stm32cube.common.mx_6.0.0.202007160824\\db\/plugins/mcufinder/images/
2020-09-16 21:28:21,685 [WARN] DbFile:36 - Overriding database path with different value: C:\Users\Karol\.stmcufinder\plugins\mcufinder/ => C:\Users\Karol\.stmcufinder\plugins\mcufinder
2020-09-16 21:28:21,685 [INFO] DbMcusDocs:112 - Set database path to: C:\Users\Karol\.stmcufinder\plugins\mcufinder//mcu/
2020-09-16 21:28:21,685 [WARN] DbFile:36 - Overriding database path with different value: C:\Users\Karol\.stmcufinder\plugins\mcufinder/ => C:\Users\Karol\.stmcufinder\plugins\mcufinder
2020-09-16 21:28:21,685 [INFO] DbMcusJson:63 - Set database path to: C:\Users\Karol\.stmcufinder\plugins\mcufinder//mcu/
2020-09-16 21:28:21,686 [WARN] DbFile:36 - Overriding database path with different value: C:\Users\Karol\.stmcufinder\plugins\mcufinder/ => C:\Users\Karol\.stmcufinder\plugins\mcufinder
2020-09-16 21:28:21,686 [INFO] DbBoardsDocs:112 - Set database path to: C:\Users\Karol\.stmcufinder\plugins\mcufinder//mcu/
2020-09-16 21:28:21,686 [WARN] DbFile:36 - Overriding database path with different value: C:\Users\Karol\.stmcufinder\plugins\mcufinder/ => C:\Users\Karol\.stmcufinder\plugins\mcufinder
2020-09-16 21:28:21,686 [INFO] DbBoardsJson:56 - Set database path to: C:\Users\Karol\.stmcufinder\plugins\mcufinder//mcu/
2020-09-16 21:28:21,686 [WARN] DbFile:36 - Overriding database path with different value: C:\Users\Karol\.stmcufinder\plugins\mcufinder/ => C:\Users\Karol\.stmcufinder\plugins\mcufinder
2020-09-16 21:28:21,687 [WARN] DbFile:36 - Overriding database path with different value: C:\Users\Karol\.stmcufinder\plugins\mcufinder/ => C:\Users\Karol\.stmcufinder\plugins\mcufinder
2020-09-16 21:28:21,687 [INFO] CrossReferenceDbSqlite:196 - Set database path to: C:\Users\Karol\.stmcufinder\plugins\mcufinder//mcu/cs/
2020-09-16 21:28:21,687 [WARN] DbFile:36 - Overriding database path with different value: C:\Users\Karol\.stmcufinder\plugins\mcufinder/ => C:\Users\Karol\.stmcufinder\plugins\mcufinder
2020-09-16 21:28:21,687 [INFO] DbExamplesSqlite:800 - Set database path to: C:\Users\Karol\.stmcufinder\plugins\mcufinder//mcu/
2020-09-16 21:28:21,708 [INFO] ApplicationProperties:181 - Using Application install path: C:\ST\STM32CubeIDE_1.4.0\STM32CubeIDE\plugins\com.st.stm32cube.common.mx_6.0.0.202007160824
2020-09-16 21:28:21,774 [INFO] PluginManage:178 - Search for loadable plugins [exclusion list=, ]
2020-09-16 21:28:21,776 [INFO] PluginManage:292 - Check plugin analytics
2020-09-16 21:28:22,277 [INFO] AnalyticsPlugin:203 - Accepted Software Licenses: 
2020-09-16 21:28:22,278 [INFO] AnalyticsPlugin:205 - Accepted CMSIS Pack Licenses: 
2020-09-16 21:28:22,278 [INFO] AnalyticsPlugin:207 - Accepted Firmware Licenses: 
2020-09-16 21:28:22,279 [INFO] PluginManage:342 - Loaded plugin analytics (category:tool,tabindex:-1)
2020-09-16 21:28:22,279 [INFO] PluginManage:292 - Check plugin clock
2020-09-16 21:28:22,295 [INFO] PluginManage:342 - Loaded plugin clock (category:base,tabindex:2)
2020-09-16 21:28:22,295 [INFO] PluginManage:292 - Check plugin ddr
2020-09-16 21:28:22,298 [INFO] PluginManage:342 - Loaded plugin ddr (category:tool,tabindex:6)
2020-09-16 21:28:22,298 [INFO] PluginManage:292 - Check plugin filemanager
2020-09-16 21:28:22,570 [INFO] PluginManage:342 - Loaded plugin filemanager (category:base,tabindex:10)
2020-09-16 21:28:22,570 [INFO] PluginManage:292 - Check plugin ipmanager
2020-09-16 21:28:22,581 [INFO] PluginManage:342 - Loaded plugin ipmanager (category:base,tabindex:5)
2020-09-16 21:28:22,581 [INFO] PluginManage:292 - Check plugin pinoutandconfiguration
2020-09-16 21:28:22,594 [INFO] PluginManage:342 - Loaded plugin pinoutandconfiguration (category:base,tabindex:1)
2020-09-16 21:28:22,594 [INFO] PluginManage:292 - Check plugin pinoutconfig
2020-09-16 21:28:22,679 [INFO] PluginManage:342 - Loaded plugin pinoutconfig (category:base,tabindex:0)
2020-09-16 21:28:22,680 [INFO] PluginManage:292 - Check plugin power
2020-09-16 21:28:22,700 [INFO] PluginManage:342 - Loaded plugin power (category:power,tabindex:4)
2020-09-16 21:28:22,701 [INFO] PluginManage:292 - Check plugin projectmanager
2020-09-16 21:28:22,724 [INFO] PluginManage:342 - Loaded plugin projectmanager (category:projectmanager,tabindex:3)
2020-09-16 21:28:22,725 [INFO] PluginManage:292 - Check plugin thirdparty
2020-09-16 21:28:22,812 [INFO] ThirdPartyDb:333 - Open Third Party DataBase File (C:/Users/Karol/.stm32cubemx/plugins/thirdparty/db/thirdparties_db.xml) : 42 ms. number of Sw pack : 9
2020-09-16 21:28:22,826 [INFO] PluginManage:342 - Loaded plugin thirdparty (category:base,tabindex:-1)
2020-09-16 21:28:22,827 [INFO] PluginManage:292 - Check plugin tools
2020-09-16 21:28:22,830 [INFO] PluginManage:342 - Loaded plugin tools (category:base,tabindex:7)
2020-09-16 21:28:22,830 [INFO] PluginManage:292 - Check plugin tutovideos
2020-09-16 21:28:23,218 [INFO] PluginManage:342 - Loaded plugin tutovideos (category:base,tabindex:-1)
2020-09-16 21:28:23,218 [INFO] PluginManage:292 - Check plugin updater
2020-09-16 21:28:23,578 [INFO] PluginManage:342 - Loaded plugin updater (category:base,tabindex:12)
2020-09-16 21:28:23,579 [INFO] PluginManage:265 - PluginManage : Loaded plugins [13]
2020-09-16 21:28:23,824 [INFO] PinOutPanel:1418 - setPackage(No Configuration,No Configuration)
2020-09-16 21:28:24,021 [INFO] IPUIPlugin:64 - create IPUIPlugin
2020-09-16 21:28:24,022 [INFO] PluginManager:200 - loadIPPluginJar : add adc
2020-09-16 21:28:24,027 [INFO] IPUIPlugin:64 - create IPUIPlugin
2020-09-16 21:28:24,028 [INFO] PluginManager:200 - loadIPPluginJar : add aes
2020-09-16 21:28:24,034 [INFO] IPUIPlugin:64 - create IPUIPlugin
2020-09-16 21:28:24,035 [INFO] PluginManager:200 - loadIPPluginJar : add can
2020-09-16 21:28:24,107 [INFO] IPUIPlugin:64 - create IPUIPlugin
2020-09-16 21:28:24,107 [INFO] PluginManager:200 - loadIPPluginJar : add comp
2020-09-16 21:28:24,111 [INFO] IPUIPlugin:64 - create IPUIPlugin
2020-09-16 21:28:24,111 [INFO] PluginManager:200 - loadIPPluginJar : add cryp
2020-09-16 21:28:24,115 [INFO] IPUIPlugin:64 - create IPUIPlugin
2020-09-16 21:28:24,115 [INFO] PluginManager:200 - loadIPPluginJar : add dfsdm
2020-09-16 21:28:24,121 [INFO] IPUIPlugin:64 - create IPUIPlugin
2020-09-16 21:28:24,122 [INFO] PluginManager:200 - loadIPPluginJar : add dma
2020-09-16 21:28:24,124 [INFO] IPUIPlugin:64 - create IPUIPlugin
2020-09-16 21:28:24,125 [INFO] PluginManager:200 - loadIPPluginJar : add fatfs
2020-09-16 21:28:24,130 [INFO] IPUIPlugin:64 - create IPUIPlugin
2020-09-16 21:28:24,131 [INFO] PluginManager:200 - loadIPPluginJar : add fmc
2020-09-16 21:28:24,138 [INFO] IPUIPlugin:64 - create IPUIPlugin
2020-09-16 21:28:24,138 [INFO] PluginManager:200 - loadIPPluginJar : add freertos
2020-09-16 21:28:24,140 [INFO] IPUIPlugin:64 - create IPUIPlugin
2020-09-16 21:28:24,141 [INFO] PluginManager:200 - loadIPPluginJar : add genericplugin
2020-09-16 21:28:24,143 [INFO] IPUIPlugin:64 - create IPUIPlugin
2020-09-16 21:28:24,143 [INFO] PluginManager:200 - loadIPPluginJar : add gfxmmu
2020-09-16 21:28:24,149 [INFO] IPUIPlugin:64 - create IPUIPlugin
2020-09-16 21:28:24,150 [INFO] PluginManager:200 - loadIPPluginJar : add gic
2020-09-16 21:28:24,155 [INFO] IPUIPlugin:64 - create IPUIPlugin
2020-09-16 21:28:24,155 [INFO] PluginManager:200 - loadIPPluginJar : add gpio
2020-09-16 21:28:24,158 [INFO] IPUIPlugin:64 - create IPUIPlugin
2020-09-16 21:28:24,158 [INFO] PluginManager:200 - loadIPPluginJar : add gtzc
2020-09-16 21:28:24,161 [INFO] IPUIPlugin:64 - create IPUIPlugin
2020-09-16 21:28:24,162 [INFO] PluginManager:200 - loadIPPluginJar : add hash
2020-09-16 21:28:24,170 [INFO] IPUIPlugin:64 - create IPUIPlugin
2020-09-16 21:28:24,170 [INFO] PluginManager:200 - loadIPPluginJar : add i2c
2020-09-16 21:28:24,173 [INFO] IPUIPlugin:64 - create IPUIPlugin
2020-09-16 21:28:24,174 [INFO] PluginManager:200 - loadIPPluginJar : add i2s
2020-09-16 21:28:24,178 [INFO] IPUIPlugin:64 - create IPUIPlugin
2020-09-16 21:28:24,178 [INFO] PluginManager:200 - loadIPPluginJar : add ipddr
2020-09-16 21:28:24,180 [INFO] IPUIPlugin:64 - create IPUIPlugin
2020-09-16 21:28:24,180 [INFO] PluginManager:200 - loadIPPluginJar : add ltdc
2020-09-16 21:28:24,184 [INFO] IPUIPlugin:64 - create IPUIPlugin
2020-09-16 21:28:24,185 [INFO] PluginManager:200 - loadIPPluginJar : add mdma
2020-09-16 21:28:24,189 [INFO] IPUIPlugin:64 - create IPUIPlugin
2020-09-16 21:28:24,190 [INFO] PluginManager:200 - loadIPPluginJar : add nvic
2020-09-16 21:28:24,194 [INFO] IPUIPlugin:64 - create IPUIPlugin
2020-09-16 21:28:24,194 [INFO] PluginManager:200 - loadIPPluginJar : add opamp
2020-09-16 21:28:24,197 [INFO] IPUIPlugin:64 - create IPUIPlugin
2020-09-16 21:28:24,198 [INFO] PluginManager:200 - loadIPPluginJar : add openamp
2020-09-16 21:28:24,259 [INFO] IPUIPlugin:64 - create IPUIPlugin
2020-09-16 21:28:24,260 [INFO] PluginManager:200 - loadIPPluginJar : add pdm2pcm
2020-09-16 21:28:24,270 [INFO] IPUIPlugin:64 - create IPUIPlugin
2020-09-16 21:28:24,274 [INFO] PluginManager:200 - loadIPPluginJar : add plateformsettings
2020-09-16 21:28:24,276 [INFO] IPUIPlugin:64 - create IPUIPlugin
2020-09-16 21:28:24,276 [INFO] PluginManager:200 - loadIPPluginJar : add quadspi
2020-09-16 21:28:24,314 [INFO] IPUIPlugin:64 - create IPUIPlugin
2020-09-16 21:28:24,314 [INFO] PluginManager:200 - loadIPPluginJar : add resmgrutility
2020-09-16 21:28:24,318 [INFO] IPUIPlugin:64 - create IPUIPlugin
2020-09-16 21:28:24,319 [INFO] PluginManager:200 - loadIPPluginJar : add sai
2020-09-16 21:28:24,321 [INFO] IPUIPlugin:64 - create IPUIPlugin
2020-09-16 21:28:24,322 [INFO] PluginManager:200 - loadIPPluginJar : add spi
2020-09-16 21:28:24,326 [INFO] IPUIPlugin:64 - create IPUIPlugin
2020-09-16 21:28:24,326 [INFO] PluginManager:200 - loadIPPluginJar : add stm32_wpan
2020-09-16 21:28:24,329 [INFO] IPUIPlugin:64 - create IPUIPlugin
2020-09-16 21:28:24,329 [INFO] PluginManager:200 - loadIPPluginJar : add tim
2020-09-16 21:28:24,334 [INFO] IPUIPlugin:64 - create IPUIPlugin
2020-09-16 21:28:24,334 [INFO] PluginManager:200 - loadIPPluginJar : add touchsensing
2020-09-16 21:28:24,337 [INFO] IPUIPlugin:64 - create IPUIPlugin
2020-09-16 21:28:24,338 [INFO] PluginManager:200 - loadIPPluginJar : add tracer_emb
2020-09-16 21:28:24,340 [INFO] IPUIPlugin:64 - create IPUIPlugin
2020-09-16 21:28:24,341 [INFO] PluginManager:200 - loadIPPluginJar : add ts
2020-09-16 21:28:24,343 [INFO] IPUIPlugin:64 - create IPUIPlugin
2020-09-16 21:28:24,343 [INFO] PluginManager:200 - loadIPPluginJar : add tsc
2020-09-16 21:28:24,346 [INFO] IPUIPlugin:64 - create IPUIPlugin
2020-09-16 21:28:24,346 [INFO] PluginManager:200 - loadIPPluginJar : add ucpd
2020-09-16 21:28:24,349 [INFO] IPUIPlugin:64 - create IPUIPlugin
2020-09-16 21:28:24,350 [INFO] PluginManager:200 - loadIPPluginJar : add usart
2020-09-16 21:28:26,836 [INFO] CubeProgrammer:457 - [DDR PANEL] - PathOfProgrammer: null
2020-09-16 21:28:29,890 [FATAL] Updater:282 - Updater called before beeing initialized
2020-09-16 21:28:30,434 [FATAL] Updater:282 - Updater called before beeing initialized
2020-09-16 21:28:30,434 [WARN] ThirdParty:775 - waiting for thirdparty lock release [close project]
2020-09-16 21:28:30,434 [INFO] ThirdParty:777 - entering critical section [close project]
2020-09-16 21:28:30,435 [INFO] ThirdParty:790 - exiting critical section [close project]
2020-09-16 21:28:30,440 [INFO] PinOutPanel:1418 - setPackage(No Configuration,No Configuration)
2020-09-16 21:28:30,441 [FATAL] Updater:282 - Updater called before beeing initialized
2020-09-16 21:28:30,448 [ERROR] Updater:967 - MainUpdater not yet initialized. External WinMGr cannot be set.
2020-09-16 21:28:30,453 [INFO] CubeProgrammer:457 - [DDR PANEL] - PathOfProgrammer: C:\ST\STM32CubeIDE_1.4.0\STM32CubeIDE\plugins\com.st.stm32cube.ide.mcu.externaltools.cubeprogrammer.win32_1.4.0.202007081208\tools\bin
2020-09-16 21:28:30,484 [INFO] ProgrammerExecThread:148 - [ProgrammerAPI] CubeProgrammer command construction: C:\ST\STM32CubeIDE_1.4.0\STM32CubeIDE\plugins\com.st.stm32cube.ide.mcu.externaltools.cubeprogrammer.win32_1.4.0.202007081208\tools\bin\STM32_Programmer_CLI.exe -l
2020-09-16 21:29:07,512 [INFO] MainDdrPanel:49 - [DDR PANEL] SETTER - Set cubeProgrammerPath to: C:\ST\STM32CubeIDE_1.4.0\STM32CubeIDE\plugins\com.st.stm32cube.ide.mcu.externaltools.cubeprogrammer.win32_1.4.0.202007081208\tools\bin
2020-09-16 21:29:07,574 [INFO] Updater:904 - Updater Version found : 6.0.0
2020-09-16 21:29:07,608 [INFO] ApplicationProperties:181 - Using Application install path: C:\ST\STM32CubeIDE_1.4.0\STM32CubeIDE\plugins\com.st.stm32cube.common.mx_6.0.0.202007160824
2020-09-16 21:29:07,841 [WARN] IntegrityCheckThread:61 - waiting for thirdparty lock release [integrity check]
2020-09-16 21:29:07,841 [INFO] IntegrityCheckThread:63 - entering critical section [integrity check]
2020-09-16 21:29:07,842 [FATAL] Updater:282 - Updater called before beeing initialized
2020-09-16 21:29:07,842 [ERROR] IntegrityCheckThread:284 - Cannot obtain thirdParties list 21
2020-09-16 21:29:07,842 [ERROR] IntegrityCheckThread:67 - Unexpected exception IntegrityCheckThread Thread:
2020-09-16 21:29:07,843 [ERROR] IntegrityCheckThread:70 - java.lang.Exception: Updater error
	at com.st.microxplorer.plugins.thirdparty.engine.IntegrityCheckThread.getUpdaterThirdPartyList(IntegrityCheckThread.java:296)
	at com.st.microxplorer.plugins.thirdparty.engine.IntegrityCheckThread.runProcess(IntegrityCheckThread.java:84)
	at com.st.microxplorer.plugins.thirdparty.engine.IntegrityCheckThread.run(IntegrityCheckThread.java:65)

2020-09-16 21:29:07,844 [INFO] ThirdPartyDb:299 - Save Third Party DataBase File (C:/Users/Karol/.stm32cubemx/plugins/thirdparty/db/thirdparties_db.xml) [forced]
2020-09-16 21:29:07,903 [INFO] IntegrityCheckThread:76 - exiting critical section [integrity check]
2020-09-16 21:29:07,903 [INFO] IntegrityCheckThread:79 - End integrity checks thread
2020-09-16 21:29:09,589 [INFO] MainUpdater:2268 - connection check result : 10
2020-09-16 21:29:09,591 [INFO] MainUpdater:239 - Updater Check For Update Now.
2020-09-16 21:29:09,591 [INFO] MicroXplorer:414 - Change Database Version : DB.6.0.0
2020-09-16 21:29:09,675 [INFO] CheckServerUpdateThread:102 - End of CheckServer Thread
2020-09-16 21:29:09,728 [INFO] MainUpdater:2268 - connection check result : 10
2020-09-16 21:29:10,587 [INFO] ServerAccessManage:348 - Download File mcusDocs.json._tmp_
2020-09-16 21:29:10,974 [INFO] LoadUrlFilesThread:135 - End of LoadUrlFiles Thread
2020-09-16 21:29:11,490 [INFO] ServerAccessManage:348 - Download File mcusFeaturesAndDescription.json._tmp_
2020-09-16 21:29:18,288 [INFO] LoadUrlFilesThread:135 - End of LoadUrlFiles Thread
2020-09-16 21:29:18,481 [INFO] ServerAccessManage:348 - Download File boardsDocs.json._tmp_
2020-09-16 21:29:18,802 [INFO] LoadUrlFilesThread:135 - End of LoadUrlFiles Thread
2020-09-16 21:29:19,082 [INFO] ServerAccessManage:348 - Download File boards.json._tmp_
2020-09-16 21:29:19,464 [INFO] LoadUrlFilesThread:135 - End of LoadUrlFiles Thread
2020-09-16 21:29:19,722 [INFO] ServerAccessManage:348 - Download File cube-finder-db.zip
2020-09-16 21:29:33,994 [INFO] FileExtend:225 - Unzip File : cube-finder-db.zip
2020-09-16 21:29:33,998 [INFO] FileExtend:240 - Standard Zip Deflate
2020-09-16 21:29:34,545 [INFO] LoadUrlFilesThread:135 - End of LoadUrlFiles Thread
2020-09-16 21:29:34,994 [INFO] ServerAccessManage:348 - Download File crdb.zip
2020-09-16 21:29:36,520 [INFO] FileExtend:225 - Unzip File : crdb.zip
2020-09-16 21:29:36,535 [INFO] FileExtend:240 - Standard Zip Deflate
2020-09-16 21:29:36,587 [INFO] LoadUrlFilesThread:135 - End of LoadUrlFiles Thread
2020-09-16 21:29:36,965 [INFO] ServerAccessManage:348 - Download File tutoVideoDB.zip
2020-09-16 21:29:37,398 [INFO] FileExtend:225 - Unzip File : tutoVideoDB.zip
2020-09-16 21:29:37,402 [INFO] FileExtend:240 - Standard Zip Deflate
2020-09-16 21:29:37,419 [INFO] LoadUrlFilesThread:135 - End of LoadUrlFiles Thread
2020-09-16 21:29:37,537 [INFO] DbMcusDocs:145 - JSON generation date=Mon Jul 27 14:58:30 CEST 2020 (1595854710)
2020-09-16 21:29:37,539 [INFO] DbMcusXml:100 - Load MCU database from C:\ST\STM32CubeIDE_1.4.0\STM32CubeIDE\plugins\com.st.stm32cube.common.mx_6.0.0.202007160824\\db\/mcu/families.xml
2020-09-16 21:29:40,302 [INFO] DbMcusJson:92 - JSON generation date=Mon Jul 27 14:58:30 CEST 2020 (1595854710)
2020-09-16 21:29:43,195 [INFO] DbMcus:175 - Found 1761 MCUs (1722 are supported by CubeMX, 1728 are visible in CubeMX)
2020-09-16 21:29:43,196 [INFO] ApiDb:201 - Load user favorites file C:\Users\Karol/.stm32cubemx/favorites.mcus.txt: 0 item(s)
2020-09-16 21:29:43,196 [INFO] ApiDb:205 - User favorites MCUs=[]
2020-09-16 21:29:43,196 [INFO] DbMcus:187 - Set 0 / 0 favorites MCUs
2020-09-16 21:29:43,589 [INFO] DbMcusDocs:81 - Found 580 MCUs documents
2020-09-16 21:29:43,592 [INFO] ApiDb:226 - Save user favorites file C:\Users\Karol/.stm32cubemx/favorites.mcus.txt: 0 item(s)
2020-09-16 21:29:43,593 [INFO] ApiDb:230 - User favorites MCUs=[]
2020-09-16 21:29:43,593 [INFO] DbMcusXml:100 - Load MCU database from C:\ST\STM32CubeIDE_1.4.0\STM32CubeIDE\plugins\com.st.stm32cube.common.mx_6.0.0.202007160824\\db\/mcu/families.xml
2020-09-16 21:29:44,740 [INFO] DbMcusJson:92 - JSON generation date=Mon Jul 27 14:58:30 CEST 2020 (1595854710)
2020-09-16 21:29:45,484 [INFO] DbMcus:175 - Found 1761 MCUs (1722 are supported by CubeMX, 1728 are visible in CubeMX)
2020-09-16 21:29:45,485 [INFO] ApiDb:201 - Load user favorites file C:\Users\Karol/.stm32cubemx/favorites.mcus.txt: 0 item(s)
2020-09-16 21:29:45,485 [INFO] ApiDb:205 - User favorites MCUs=[]
2020-09-16 21:29:45,485 [INFO] DbMcus:187 - Set 0 / 0 favorites MCUs
2020-09-16 21:29:45,513 [INFO] DbBoardsDocs:145 - JSON generation date=Mon Jul 27 14:58:30 CEST 2020 (1595854710)
2020-09-16 21:29:45,531 [INFO] DbBoardsPdsc:94 - Found 23 items
2020-09-16 21:29:45,533 [INFO] DbBoardsPdsc:94 - Found 9 items
2020-09-16 21:29:45,547 [INFO] DbBoardsPdsc:94 - Found 29 items
2020-09-16 21:29:45,551 [INFO] DbBoardsPdsc:94 - Found 1 items
2020-09-16 21:29:45,558 [INFO] DbBoardsPdsc:94 - Found 44 items
2020-09-16 21:29:45,572 [INFO] DbBoardsPdsc:94 - Found 40 items
2020-09-16 21:29:45,574 [INFO] DbBoardsPdsc:94 - Found 2 items
2020-09-16 21:29:45,576 [INFO] DbBoardsPdsc:94 - Found 4 items
2020-09-16 21:29:45,588 [WARN] DbBoardsPdsc:258 - Board STM32H7B3I-DK: unknown feature type=Audio, name=, username=Audio stereo codec with Headphone Amp (CS42L51-CNZ), n=1
2020-09-16 21:29:45,591 [WARN] DbBoardsPdsc:258 - Board STM32H735G-DK: unknown feature type=Audio, name=, username=Audio stereo codec with Headphone Amp (WM8994ECS/R), n=1
2020-09-16 21:29:45,605 [WARN] DbBoardsPdsc:258 - Board STM32H7B3I-EVAL: unknown feature type=Audio, name=, username=Multi-Channel Audio Codec (CS42L51-CNZ), n=1
2020-09-16 21:29:45,605 [WARN] DbBoardsPdsc:258 - Board STM32H7B3I-EVAL: unknown feature type=Meter, name=, username=Power-metering and Temperature-monitoring with sigma-delta modulators, n=1
2020-09-16 21:29:45,605 [WARN] DbBoardsPdsc:258 - Board STM32H7B3I-EVAL: unknown feature type=Motor, name=, username=Motor Control, n=1
2020-09-16 21:29:45,647 [INFO] DbBoardsJson:85 - JSON generation date=Thu Jul 02 15:35:57 CEST 2020 (1593696957)
2020-09-16 21:29:45,660 [INFO] DbBoards:117 - Found 152 boards (149 are supported by CubeMX)
2020-09-16 21:29:45,671 [INFO] DbBoardsDocs:145 - JSON generation date=Mon Jul 27 14:58:30 CEST 2020 (1595854710)
2020-09-16 21:29:45,755 [INFO] DbBoardsDocs:81 - Found 185 boards documents
2020-09-16 21:29:45,757 [WARN] DbBoards:149 - board B-G474E-DPOW1 / document id not found: 4624
2020-09-16 21:29:45,757 [WARN] DbBoards:149 - board B-G474E-DPOW1 / document id not found: 4625
2020-09-16 21:29:45,757 [WARN] DbBoards:127 - board B-L462E-CELL1 has no document id list !
2020-09-16 21:29:45,758 [WARN] DbBoards:127 - board B-L475E-IOT01A2 has no document id list !
2020-09-16 21:29:45,759 [WARN] DbBoards:127 - board NUCLEO-G491RE has no document id list !
2020-09-16 21:29:45,759 [WARN] DbBoards:127 - board NUCLEO-H723ZG has no document id list !
2020-09-16 21:29:45,759 [WARN] DbBoards:127 - board NUCLEO-H743ZI2 has no document id list !
2020-09-16 21:29:45,762 [WARN] DbBoards:127 - board NUCLEO-WB55RG has no document id list !
2020-09-16 21:29:45,762 [WARN] DbBoards:127 - board P-NUCLEO-WB55-Nucleo has no document id list !
2020-09-16 21:29:45,762 [WARN] DbBoards:127 - board P-NUCLEO-WB55-USBDongle has no document id list !
2020-09-16 21:29:45,762 [WARN] DbBoards:127 - board STEVAL-BFA001V1B has no document id list !
2020-09-16 21:29:45,762 [WARN] DbBoards:127 - board STEVAL-BFA001V2B has no document id list !
2020-09-16 21:29:45,763 [WARN] DbBoards:127 - board STEVAL-IDP005V1 has no document id list !
2020-09-16 21:29:45,763 [WARN] DbBoards:127 - board STEVAL-IDP005V2 has no document id list !
2020-09-16 21:29:45,763 [WARN] DbBoards:127 - board STEVAL-MKSBOX1V1 has no document id list !
2020-09-16 21:29:45,763 [WARN] DbBoards:127 - board STEVAL-STWINKT1 has no document id list !
2020-09-16 21:29:45,764 [WARN] DbBoards:127 - board STM32F401C-DISCO has no document id list !
2020-09-16 21:29:45,765 [WARN] DbBoards:127 - board STM32F769I-DISC1 has no document id list !
2020-09-16 21:29:45,765 [WARN] DbBoards:127 - board STM32G474E-EVAL1 has no document id list !
2020-09-16 21:29:45,765 [WARN] DbBoards:127 - board STM32H735G-DK has no document id list !
2020-09-16 21:29:45,765 [WARN] DbBoards:127 - board STM32H743I-EVAL2 has no document id list !
2020-09-16 21:29:45,766 [WARN] DbBoards:127 - board STM32H747I-DISC1 has no document id list !
2020-09-16 21:29:45,766 [WARN] DbBoards:127 - board STM32H753I-EVAL2 has no document id list !
2020-09-16 21:29:45,766 [WARN] DbBoards:127 - board STM32L-DISCOVERY has no document id list !
2020-09-16 21:29:45,767 [WARN] DbBoards:127 - board STM32MP157A-DK1 has no document id list !
2020-09-16 21:29:45,767 [WARN] DbBoards:127 - board STM32MP157F-EV1 has no document id list !
2020-09-16 21:29:46,045 [ERROR] DbBoards:192 - No image file URL for board B-L462E-CELL1
2020-09-16 21:29:48,158 [INFO] ApiDb:201 - Load user favorites file C:\Users\Karol/.stm32cubemx/favorites.boards.txt: 0 item(s)
2020-09-16 21:29:48,158 [INFO] ApiDb:205 - User favorites Boards=[]
2020-09-16 21:29:48,158 [INFO] DbBoards:206 - Set 0 / 0 favorites Boards
2020-09-16 21:29:48,175 [INFO] DbBoardsDocs:81 - Found 370 boards documents
2020-09-16 21:29:48,176 [INFO] ApiDb:226 - Save user favorites file C:\Users\Karol/.stm32cubemx/favorites.boards.txt: 0 item(s)
2020-09-16 21:29:48,176 [INFO] ApiDb:230 - User favorites Boards=[]
2020-09-16 21:29:48,180 [INFO] DbBoardsPdsc:94 - Found 23 items
2020-09-16 21:29:48,182 [INFO] DbBoardsPdsc:94 - Found 9 items
2020-09-16 21:29:48,186 [INFO] DbBoardsPdsc:94 - Found 29 items
2020-09-16 21:29:48,188 [INFO] DbBoardsPdsc:94 - Found 1 items
2020-09-16 21:29:48,206 [INFO] DbBoardsPdsc:94 - Found 44 items
2020-09-16 21:29:48,214 [INFO] DbBoardsPdsc:94 - Found 40 items
2020-09-16 21:29:48,216 [INFO] DbBoardsPdsc:94 - Found 2 items
2020-09-16 21:29:48,218 [INFO] DbBoardsPdsc:94 - Found 4 items
2020-09-16 21:29:48,274 [WARN] DbBoardsPdsc:258 - Board STM32H7B3I-DK: unknown feature type=Audio, name=, username=Audio stereo codec with Headphone Amp (CS42L51-CNZ), n=1
2020-09-16 21:29:48,274 [WARN] DbBoardsPdsc:258 - Board STM32H735G-DK: unknown feature type=Audio, name=, username=Audio stereo codec with Headphone Amp (WM8994ECS/R), n=1
2020-09-16 21:29:48,277 [WARN] DbBoardsPdsc:258 - Board STM32H7B3I-EVAL: unknown feature type=Audio, name=, username=Multi-Channel Audio Codec (CS42L51-CNZ), n=1
2020-09-16 21:29:48,277 [WARN] DbBoardsPdsc:258 - Board STM32H7B3I-EVAL: unknown feature type=Meter, name=, username=Power-metering and Temperature-monitoring with sigma-delta modulators, n=1
2020-09-16 21:29:48,277 [WARN] DbBoardsPdsc:258 - Board STM32H7B3I-EVAL: unknown feature type=Motor, name=, username=Motor Control, n=1
2020-09-16 21:29:48,311 [INFO] DbBoardsJson:85 - JSON generation date=Thu Jul 02 15:35:57 CEST 2020 (1593696957)
2020-09-16 21:29:48,325 [INFO] DbBoards:117 - Found 152 boards (149 are supported by CubeMX)
2020-09-16 21:29:48,325 [WARN] DbBoards:149 - board B-G474E-DPOW1 / document id not found: 4624
2020-09-16 21:29:48,325 [WARN] DbBoards:149 - board B-G474E-DPOW1 / document id not found: 4625
2020-09-16 21:29:48,326 [WARN] DbBoards:127 - board B-L462E-CELL1 has no document id list !
2020-09-16 21:29:48,326 [WARN] DbBoards:127 - board B-L475E-IOT01A2 has no document id list !
2020-09-16 21:29:48,327 [WARN] DbBoards:127 - board NUCLEO-G491RE has no document id list !
2020-09-16 21:29:48,327 [WARN] DbBoards:127 - board NUCLEO-H723ZG has no document id list !
2020-09-16 21:29:48,328 [WARN] DbBoards:127 - board NUCLEO-H743ZI2 has no document id list !
2020-09-16 21:29:48,329 [WARN] DbBoards:127 - board NUCLEO-WB55RG has no document id list !
2020-09-16 21:29:48,329 [WARN] DbBoards:127 - board P-NUCLEO-WB55-Nucleo has no document id list !
2020-09-16 21:29:48,329 [WARN] DbBoards:127 - board P-NUCLEO-WB55-USBDongle has no document id list !
2020-09-16 21:29:48,329 [WARN] DbBoards:127 - board STEVAL-BFA001V1B has no document id list !
2020-09-16 21:29:48,330 [WARN] DbBoards:127 - board STEVAL-BFA001V2B has no document id list !
2020-09-16 21:29:48,330 [WARN] DbBoards:127 - board STEVAL-IDP005V1 has no document id list !
2020-09-16 21:29:48,330 [WARN] DbBoards:127 - board STEVAL-IDP005V2 has no document id list !
2020-09-16 21:29:48,330 [WARN] DbBoards:127 - board STEVAL-MKSBOX1V1 has no document id list !
2020-09-16 21:29:48,330 [WARN] DbBoards:127 - board STEVAL-STWINKT1 has no document id list !
2020-09-16 21:29:48,331 [WARN] DbBoards:127 - board STM32F401C-DISCO has no document id list !
2020-09-16 21:29:48,332 [WARN] DbBoards:127 - board STM32F769I-DISC1 has no document id list !
2020-09-16 21:29:48,332 [WARN] DbBoards:127 - board STM32G474E-EVAL1 has no document id list !
2020-09-16 21:29:48,332 [WARN] DbBoards:127 - board STM32H735G-DK has no document id list !
2020-09-16 21:29:48,333 [WARN] DbBoards:127 - board STM32H743I-EVAL2 has no document id list !
2020-09-16 21:29:48,333 [WARN] DbBoards:127 - board STM32H747I-DISC1 has no document id list !
2020-09-16 21:29:48,333 [WARN] DbBoards:127 - board STM32H753I-EVAL2 has no document id list !
2020-09-16 21:29:48,334 [WARN] DbBoards:127 - board STM32L-DISCOVERY has no document id list !
2020-09-16 21:29:48,335 [WARN] DbBoards:127 - board STM32MP157A-DK1 has no document id list !
2020-09-16 21:29:48,335 [WARN] DbBoards:127 - board STM32MP157F-EV1 has no document id list !
2020-09-16 21:29:48,422 [ERROR] DbBoards:192 - No image file URL for board B-L462E-CELL1
2020-09-16 21:29:50,035 [INFO] ApiDb:201 - Load user favorites file C:\Users\Karol/.stm32cubemx/favorites.boards.txt: 0 item(s)
2020-09-16 21:29:50,035 [INFO] ApiDb:205 - User favorites Boards=[]
2020-09-16 21:29:50,035 [INFO] DbBoards:206 - Set 0 / 0 favorites Boards
2020-09-16 21:29:50,912 [INFO] DbExamplesSqlite:156 - SQLite db open (C:\Users\Karol\.stmcufinder\plugins\mcufinder\mcu\cube-finder-db.db)
2020-09-16 21:29:51,779 [INFO] DbExamplesSqlite:447 - Ignored 0 examples not supported by CubeIDE
2020-09-16 21:29:51,779 [INFO] DbExamplesSqlite:448 - Found 4362 examples active
2020-09-16 21:29:51,779 [INFO] DbExamplesSqlite:449 - Found 128 examples obsolete
2020-09-16 21:29:51,779 [INFO] DbExamplesSqlite:450 - Found 196 examples under development
2020-09-16 21:29:51,779 [INFO] DbExamplesSqlite:451 - Found 132 examples not building
2020-09-16 21:29:51,806 [INFO] DbExamplesSqlite:130 - SQLite Data Model version=2.1
2020-09-16 21:29:51,806 [INFO] DbExamplesSqlite:131 - SQLite Configuration version=2.8
2020-09-16 21:29:51,807 [INFO] DbExamplesSqlite:132 - SQLite generation date=2020-07-03 (1593795692)
2020-09-16 21:29:51,807 [INFO] DbExamplesSqlite:133 - SQLite FW Pack versions=[STM32Cube_FW_F4_V1.25.0, STM32Cube_FW_F7_V1.16.0, STM32Cube_FW_G0_V1.3.0, STM32Cube_FW_G4_V1.3.0, STM32Cube_FW_H7_V1.8.0, STM32Cube_FW_L5_V1.3.0, STM32Cube_FW_WB_V1.8.0, STM32Cube_FW_WL_V0.6.0]
2020-09-16 21:29:51,808 [INFO] DbExamples:123 - Found 4494 examples
2020-09-16 21:29:52,350 [ERROR] DbExamples:199 - Found 288 examples with invalid data (board or MCU)
2020-09-16 21:29:52,351 [INFO] DbExamples:215 - Found 58 boards with related examples
2020-09-16 21:29:52,371 [INFO] DbExamples:228 - Found 44 MCUs with related examples
2020-09-16 21:29:52,397 [INFO] ApiDb:192 - User favorites file not found: C:\Users\Karol/.stm32cubemx/favorites.examples.txt
2020-09-16 21:29:52,398 [INFO] DbExamples:249 - Set 0 / 0 favorites Examples
2020-09-16 21:29:52,592 [INFO] McuFinderGlobals:40 - Set McuFinder mode to 2 (CubeIDE integrated)
2020-09-16 21:29:53,005 [INFO] CrossSelectorPresenter:1330 - Cross Selector saved comparison directory: C:\Users\Karol\.stmcufinder\plugins\mcufinder\mcu\cs_comparisons_mx
2020-09-16 21:29:53,011 [INFO] MultiScanPanel:193 - Auto-refresh data requested => check proxy status ongoing
2020-09-16 21:29:53,013 [INFO] FinderPluginLoader:87 - Searching for filters in installed packs
2020-09-16 21:29:54,600 [INFO] LoadUrlFilesThread:162 - End of LoadServerUrlFiles without Thread
2020-09-16 21:29:54,672 [INFO] DetailPanel:331 - Set advertising image to C:/Users/Karol/STM32Cube/Repository/\stm32cubemx-promo_image.jpg
2020-09-16 21:29:56,064 [INFO] McuFilterPanel:245 - Update 0 favorites MCUs
2020-09-16 21:33:34,452 [INFO] MultiScanPanel:193 - Auto-refresh data requested => check proxy status ongoing
2020-09-16 21:33:34,615 [INFO] LoadUrlFilesThread:162 - End of LoadServerUrlFiles without Thread
2020-09-16 21:33:34,615 [INFO] DetailPanel:331 - Set advertising image to C:/Users/Karol/STM32Cube/Repository/\stm32cubemx-promo_image.jpg
2020-09-16 21:33:34,644 [INFO] BoardFilterPanel:214 - Update 0 favorites Boards
2020-09-16 21:37:02,344 [INFO] LogOutputStream:76 - [STDOUT_REDIRECT] withoutVersionV1.25.1
2020-09-16 21:37:02,345 [INFO] LogOutputStream:76 - [STDOUT_REDIRECT] withoutVersionV1.25.0
2020-09-16 21:37:36,036 [INFO] MainUpdater:2268 - connection check result : 10
2020-09-16 21:37:36,037 [INFO] MainUpdater:2268 - connection check result : 10
2020-09-16 21:37:36,264 [INFO] MicroXplorer:384 - Change Database Path : 
2020-09-16 21:37:36,264 [INFO] MicroXplorer:414 - Change Database Version : DB.6.0.0
2020-09-16 21:37:36,265 [WARN] ThirdParty:775 - waiting for thirdparty lock release [close project]
2020-09-16 21:37:36,265 [INFO] ThirdParty:777 - entering critical section [close project]
2020-09-16 21:37:36,265 [INFO] ThirdParty:790 - exiting critical section [close project]
2020-09-16 21:37:36,267 [INFO] PinOutPanel:1418 - setPackage(No Configuration,No Configuration)
2020-09-16 21:37:36,268 [INFO] UtilMem:74 - Begin LoadConfig() Used Memory: 451765488 Bytes (596639744)
2020-09-16 21:37:36,269 [INFO] OpenFileManager:274 - Change cursor
2020-09-16 21:38:28,767 [INFO] Rule:211 - rule SPDIFRX instance for mcu is applicable
2020-09-16 21:38:28,768 [INFO] Rule:211 - rule Rename Tracer Mode is applicable
2020-09-16 21:38:28,768 [INFO] Rule:211 - rule SPDIFRX instance value for IP SPDIFRX is applicable
2020-09-16 21:38:28,768 [INFO] Rule:211 - rule SPDIFRX instance for signal is applicable
2020-09-16 21:38:28,768 [INFO] Rule:211 - rule SPDIFRX instance for project manager is applicable
2020-09-16 21:38:28,768 [INFO] Rule:211 - rule SPDIFRX instance for project manager is applicable
2020-09-16 21:38:28,768 [INFO] Rule:211 - rule ADC Scan  fix with FW F7 is applicable
2020-09-16 21:38:28,769 [INFO] Rule:211 - rule ADC Scan  fix with FW F7 is applicable
2020-09-16 21:38:28,769 [INFO] Rule:211 - rule Add RTC Activate Clock Source is applicable
2020-09-16 21:38:28,769 [INFO] Rule:211 - rule Add RTC Activate Calendar 1 is applicable
2020-09-16 21:38:28,769 [INFO] Rule:211 - rule Add RTC Activate Calendar 2 is applicable
2020-09-16 21:38:28,769 [INFO] Rule:211 - rule Add RTC Activate Calendar 3 is applicable
2020-09-16 21:38:28,769 [INFO] Rule:211 - rule UART/USART TX Mode is applicable
2020-09-16 21:38:28,770 [INFO] Rule:211 - rule UART/USART RX Mode is applicable
2020-09-16 21:38:28,770 [INFO] Rule:211 - rule UART/USART RX TX Mode is applicable
2020-09-16 21:38:28,770 [INFO] Rule:211 - rule UART/USART PARITY NONE is applicable
2020-09-16 21:38:28,770 [INFO] Rule:211 - rule UART/USART PARITY EVEN is applicable
2020-09-16 21:38:28,770 [INFO] Rule:211 - rule UART/USART PARITY ODD is applicable
2020-09-16 21:38:28,770 [INFO] Rule:211 - rule USART StopBits 1 is applicable
2020-09-16 21:38:28,770 [INFO] Rule:211 - rule USART StopBits 2 is applicable
2020-09-16 21:38:28,771 [INFO] Rule:211 - rule USART StopBits 1.5 is applicable
2020-09-16 21:38:28,771 [INFO] Rule:211 - rule USART StopBits 0.5 is applicable
2020-09-16 21:38:28,771 [INFO] Rule:211 - rule UART/USART WORD LENGTH 7 is applicable
2020-09-16 21:38:28,771 [INFO] Rule:211 - rule UART/USART WORD LENGTH 8 is applicable
2020-09-16 21:38:28,771 [INFO] Rule:211 - rule UART/USART WORD LENGTH 9 is applicable
2020-09-16 21:38:28,771 [INFO] Rule:211 - rule Rename FMC NAND NCE signal is applicable
2020-09-16 21:38:28,771 [INFO] Rule:211 - rule Rename FMC NAND INT signal is applicable
2020-09-16 21:38:28,772 [INFO] Rule:211 - rule Change Default Value for ADC ExternalTrigConv L4 family is applicable
2020-09-16 21:38:28,772 [INFO] Rule:211 - rule Change Default Value for ADC ExternalTrigInjecConv L4 family is applicable
2020-09-16 21:38:28,773 [INFO] Rule:211 - rule Change Default Value for ADC ExternalTrigConv F3 family is applicable
2020-09-16 21:38:28,773 [INFO] Rule:211 - rule Change Default Value for ADC ExternalTrigInjecConv F3 family is applicable
2020-09-16 21:38:28,773 [INFO] Rule:211 - rule Change Default Value for ADC ExternalTrigConv Goldfish serie is applicable
2020-09-16 21:38:28,773 [INFO] Rule:211 - rule Change Default Value for ADC ExternalTrigInjecConv Goldfish serie is applicable
2020-09-16 21:38:28,773 [INFO] Rule:211 - rule Change Default Value for ADC ExternalTrigConv L0 family is applicable
2020-09-16 21:38:28,774 [INFO] Rule:211 - rule Change Default Value for ADC ExternalTrigConv F0 family is applicable
2020-09-16 21:38:28,774 [INFO] Rule:211 - rule Change Default Value for ADC ExternalTrigConvn L1 family is applicable
2020-09-16 21:38:28,774 [INFO] Rule:211 - rule Change Default Value for ADC ExternalTrigInjecConv L1 family is applicable
2020-09-16 21:38:28,774 [INFO] Rule:211 - rule Change Default Value for ADC ExternalTrigConv F1 family is applicable
2020-09-16 21:38:28,774 [INFO] Rule:211 - rule Change Default Value for ADC ExternalTrigInjecConv F1 family is applicable
2020-09-16 21:38:28,774 [INFO] Rule:211 - rule Change Default Value for ADC ExternalTrigConv F7 family is applicable
2020-09-16 21:38:28,774 [INFO] Rule:211 - rule Change Default Value for ADC ExternalTrigInjecConv F7 family is applicable
2020-09-16 21:38:28,775 [INFO] Rule:211 - rule Change Default Value for ADC ExternalTrigConv F4 and F2 family is applicable
2020-09-16 21:38:28,775 [INFO] Rule:211 - rule Change Default Value for ADC ExternalTrigInjecConv F4 and F2 family is applicable
2020-09-16 21:38:28,775 [INFO] Rule:211 - rule ADC SamplingTime fix with FW L0  is applicable
2020-09-16 21:38:28,775 [INFO] Rule:211 - rule ADC SamplingTime fix with FW L0  is applicable
2020-09-16 21:38:28,775 [INFO] Rule:211 - rule ADC SamplingTime fix with FW L0 is applicable
2020-09-16 21:38:28,775 [INFO] Rule:211 - rule ADC SamplingTime fix with FW L0 is applicable
2020-09-16 21:38:28,775 [INFO] Rule:211 - rule ADC SamplingTime fix with FW L0  is applicable
2020-09-16 21:38:28,775 [INFO] Rule:211 - rule ADC SamplingTime fix with FW L0 is applicable
2020-09-16 21:38:28,776 [INFO] Rule:211 - rule Rename USB_OE Signal is applicable
2020-09-16 21:38:28,776 [INFO] Rule:211 - rule Rename Activate_OE Mode is applicable
2020-09-16 21:38:28,776 [INFO] Rule:211 - rule Rename DIE462/DIE415 pin PC14/OSC32_IN -> PC14-OSC32_IN (PC14) is applicable
2020-09-16 21:38:28,776 [INFO] Rule:211 - rule Rename DIE462/DIE415 pin PC15/OSC32_OUT -> PC15-OSC32_OUT (PC15) is applicable
2020-09-16 21:38:28,776 [INFO] Rule:211 - rule Rename DIE462/DIE415 pin PH0/OSC_IN -> PH0-OSC_IN (PH0) is applicable
2020-09-16 21:38:28,776 [INFO] Rule:211 - rule Rename DIE462/DIE415 pin PH1/OSC_OUT -> PH1-OSC_OUT (PH1) is applicable
2020-09-16 21:38:28,776 [INFO] Rule:211 - rule Rename DIE462 pin PA13 -> PA13 (JTMS/SWDIO) is applicable
2020-09-16 21:38:28,777 [INFO] Rule:211 - rule Rename DIE415 pin PA13 -> PA13 (JTMS/SWDIO) is applicable
2020-09-16 21:38:28,777 [INFO] Rule:211 - rule Rename DIE462 pin PA14 -> PA14 (JTCK/SWCLK) is applicable
2020-09-16 21:38:28,777 [INFO] Rule:211 - rule Rename DIE415 pin PA14 -> PA14 (JTCK/SWCLK) is applicable
2020-09-16 21:38:28,777 [INFO] Rule:211 - rule Rename DIE462/DIE415 pin PA15 -> PA15 (JTDI) is applicable
2020-09-16 21:38:28,777 [INFO] Rule:211 - rule Rename DIE462 pin PB3 -> PB3 (JTD0/TRACESWO) is applicable
2020-09-16 21:38:28,777 [INFO] Rule:211 - rule Rename DIE415 pin PB3 -> PB3 (JTD0-TRACESWO) is applicable
2020-09-16 21:38:28,777 [INFO] Rule:211 - rule Rename DIE462/DIE415 pin PB4 -> PB4 (NJTRST) is applicable
2020-09-16 21:38:28,777 [INFO] Rule:211 - rule Rename DIE462 pin PH3/BOOT0 -> PH3-BOOT0 (BOOT0) is applicable
2020-09-16 21:38:28,778 [INFO] Rule:211 - rule Rename CRYP DataEncryptionTypesList to Algorithm is applicable
2020-09-16 21:38:28,778 [INFO] Rule:211 - rule Rename AES DataEncryptionTypesList to Algorithm is applicable
2020-09-16 21:38:28,778 [INFO] Rule:211 - rule Rename TDESECB to CRYP_TDES_ECB is applicable
2020-09-16 21:38:28,778 [INFO] Rule:211 - rule Rename TDESCBC to CRYP_TDES_CBC is applicable
2020-09-16 21:38:28,778 [INFO] Rule:211 - rule Rename DESECB to CRYP_DES_ECB is applicable
2020-09-16 21:38:28,778 [INFO] Rule:211 - rule Rename DESCBC to CRYP_DES_CBC is applicable
2020-09-16 21:38:28,778 [INFO] Rule:211 - rule Rename AESECB to CRYP_AES_ECB is applicable
2020-09-16 21:38:28,778 [INFO] Rule:211 - rule Rename AESCBC to CRYP_AES_CBC is applicable
2020-09-16 21:38:28,778 [INFO] Rule:211 - rule Rename AESCTR to CRYP_AES_CTR is applicable
2020-09-16 21:38:28,779 [INFO] Rule:211 - rule Rename AESGCM to CRYP_AES_GCM is applicable
2020-09-16 21:38:28,779 [INFO] Rule:211 - rule Rename AESCCM to CRYP_AES_CCM is applicable
2020-09-16 21:38:28,779 [INFO] Rule:211 - rule Rename CAN TimeSeg1 to BS1 is applicable
2020-09-16 21:38:28,779 [INFO] Rule:211 - rule Rename CAN TimeSeg2 to BS2 is applicable
2020-09-16 21:38:28,779 [INFO] Rule:211 - rule Rename CAN SyncJumpWidth to SJW is applicable
2020-09-16 21:38:28,779 [INFO] Rule:211 - rule TimeTriggeredMode to TTCM is applicable
2020-09-16 21:38:28,779 [INFO] Rule:211 - rule Rename CAN AutoBusOff to ABOM is applicable
2020-09-16 21:38:28,780 [INFO] Rule:211 - rule Rename CAN AutoWakeUp to AWUM is applicable
2020-09-16 21:38:28,780 [INFO] Rule:211 - rule Rename CAN AutoRetransmission to NART is applicable
2020-09-16 21:38:28,780 [INFO] Rule:211 - rule Rename CAN ReceiveFifoLocked to RFLM is applicable
2020-09-16 21:38:28,780 [INFO] Rule:211 - rule Rename CAN TransmitFifoPriority to TXFP is applicable
2020-09-16 21:38:28,780 [INFO] Rule:211 - rule Rename HRTIMER HRTIM_OUTPUTFAULTLEVEL_HIGH in HRTIMER HRTIM_OUTPUTFAULTLEVEL_HIGHZ is applicable
2020-09-16 21:38:28,780 [INFO] Rule:211 - rule Rename TIMER TIM_CLEARINPUTSOURCE_OCREFCLR in  TIMER TIM_CLEARINPUTSOURCE_NONE for F7 family is applicable
2020-09-16 21:38:28,780 [INFO] Rule:211 - rule FDCAN_R1 - Rename FDCAN mode Master into Classic is applicable
2020-09-16 21:38:28,780 [INFO] Rule:211 - rule FDCAN_R2 - Rename FDCAN mode Slave into Classic is applicable
2020-09-16 21:38:28,781 [INFO] Rule:211 - rule FDCAN1_R3 - if PA10.Mode=FullDuplex, add Pin PA12 is applicable
2020-09-16 21:38:28,781 [INFO] Rule:211 - rule FDCAN1_R3 - if PA9.Mode=FullDuplex, add Pin PA11 is applicable
2020-09-16 21:38:28,781 [INFO] Rule:211 - rule FDCAN1_R3 - Alternatepin_1 - if PE1.Mode=FullDuplex, add Pin PB9 is applicable
2020-09-16 21:38:28,781 [INFO] Rule:211 - rule FDCAN1_R3 - Alternatepin_1 - if PE0.Mode=FullDuplex, add Pin PB8 is applicable
2020-09-16 21:38:28,781 [INFO] Rule:211 - rule FDCAN1_R3 - Alternatepin_2 - if PD5.Mode=FullDuplex, add Pin PD1 is applicable
2020-09-16 21:38:28,781 [INFO] Rule:211 - rule FDCAN1_R3 - Alternatepin_2 - if PD4.Mode=FullDuplex, add Pin PD0 is applicable
2020-09-16 21:38:28,781 [INFO] Rule:211 - rule FDCAN1_R4 - Rename Mode FullDuplex into Enable FDCAN_TXFD for pin PA10 is applicable
2020-09-16 21:38:28,782 [INFO] Rule:211 - rule FDCAN1_R4 - Rename Mode FullDuplex into Enable FDCAN_TXFD for pin PA9 is applicable
2020-09-16 21:38:28,782 [INFO] Rule:211 - rule FDCAN1_R4 - Alternatepin_1 - Rename Mode FullDuplex into Enable FDCAN_TXFD for pin PE1 is applicable
2020-09-16 21:38:28,782 [INFO] Rule:211 - rule FDCAN1_R4 - Alternatepin_1 - Rename Mode FullDuplex into Enable FDCAN_TXFD for pin PE0 is applicable
2020-09-16 21:38:28,782 [INFO] Rule:211 - rule FDCAN1_R4 - Alternatepin_2 - Rename Mode FullDuplex into Enable FDCAN_TXFD for pin PD5 is applicable
2020-09-16 21:38:28,782 [INFO] Rule:211 - rule FDCAN1_R4 - Alternatepin_2 - Rename Mode FullDuplex into Enable FDCAN_TXFD for pin PD4 is applicable
2020-09-16 21:38:28,782 [INFO] Rule:211 - rule FDCAN2_R3 - if PD10.Mode=FullDuplex, add Pin PB13 is applicable
2020-09-16 21:38:28,782 [INFO] Rule:211 - rule FDCAN2_R3 - if PD9.Mode=FullDuplex, add Pin PB12 is applicable
2020-09-16 21:38:28,782 [INFO] Rule:211 - rule FDCAN2_R3 - Alternatepin_1 - if PB7.Mode=FullDuplex, add Pin PB6 is applicable
2020-09-16 21:38:28,783 [INFO] Rule:211 - rule FDCAN2_R3 - Alternatepin_1 - if PD9.Mode=FullDuplex, add Pin PB12 is applicable
2020-09-16 21:38:28,783 [INFO] Rule:211 - rule FDCAN2_R4 - Rename Mode FullDuplex into Enable FDCAN_TXFD for pin PD10 is applicable
2020-09-16 21:38:28,783 [INFO] Rule:211 - rule FDCAN2_R4 - Rename Mode FullDuplex into Enable FDCAN_TXFD for pin PD9 is applicable
2020-09-16 21:38:28,783 [INFO] Rule:211 - rule FDCAN2_R4 - Alternatepin_1 - Rename Mode FullDuplex into Enable FDCAN_TXFD for pin PB7 is applicable
2020-09-16 21:38:28,783 [INFO] Rule:211 - rule FDCAN2_R4 - Alternatepin_1 - Rename Mode FullDuplex into Enable FDCAN_TXFD for pin PD6 is applicable
2020-09-16 21:38:28,783 [INFO] Rule:211 - rule USART TxPinLevelInvertParam Mode is applicable
2020-09-16 21:38:28,783 [INFO] Rule:211 - rule USART RxPinLevelInvertParam Mode is applicable
2020-09-16 21:38:28,783 [INFO] Rule:211 - rule USART DataInvertParam Mode is applicable
2020-09-16 21:38:28,784 [INFO] Rule:211 - rule USART SwapParam Mode is applicable
2020-09-16 21:38:28,784 [INFO] Rule:211 - rule USART OverrunDisableParam Mode is applicable
2020-09-16 21:38:28,784 [INFO] Rule:211 - rule USART DMADisableonRxErrorParam Mode is applicable
2020-09-16 21:38:28,784 [INFO] Rule:211 - rule USART MSBFirstParam Mode is applicable
2020-09-16 21:38:28,784 [INFO] Rule:211 - rule Update MwName for USB_DEVICE is applicable
2020-09-16 21:38:28,784 [INFO] Rule:211 - rule Change PWR_Regulator_Voltage_Scale Default Value for RCC  H7 family is applicable
2020-09-16 21:38:28,784 [INFO] Rule:211 - rule UART/USART IPParameter rename Prescaler parameter to ClockPrescaler is applicable
2020-09-16 21:38:28,784 [INFO] Rule:211 - rule UART/USART Prescaler rename Prescaler parameter to ClockPrescaler is applicable
2020-09-16 21:38:28,785 [INFO] Rule:211 - rule TIM1CLockSelection is applicable
2020-09-16 21:38:28,785 [INFO] Rule:211 - rule TIM15CLockSelection is applicable
2020-09-16 21:38:28,785 [INFO] Rule:211 - rule align RCC SDMMC3CLockSelection default value on MP1 is applicable
2020-09-16 21:38:28,785 [INFO] Rule:211 - rule align RCC SDMMC12CLockSelection default value on MP1 is applicable
2020-09-16 21:38:28,785 [INFO] Rule:211 - rule align RCC QSPICLockSelection default value on MP1 is applicable
2020-09-16 21:38:28,785 [INFO] Rule:211 - rule align RCC QSPICLockSelection default value on MP1 is applicable
2020-09-16 21:38:28,785 [INFO] Rule:211 - rule align RCC SPI6CLockSelection default value on MP1 is applicable
2020-09-16 21:38:28,785 [INFO] Rule:211 - rule align RCC LPTIM23CLockSelection default value on MP1 is applicable
2020-09-16 21:38:28,786 [INFO] Rule:211 - rule align RCC LPTIM1CLockSelection default value on MP1 is applicable
2020-09-16 21:38:28,786 [INFO] Rule:211 - rule align RCC USART1CLockSelection default value on MP1 is applicable
2020-09-16 21:38:28,786 [INFO] Rule:211 - rule align RCC USART24CLockSelection default value on MP1 is applicable
2020-09-16 21:38:28,786 [INFO] Rule:211 - rule align RCC USART6CLockSelection default value on MP1 is applicable
2020-09-16 21:38:28,786 [INFO] Rule:211 - rule align RCC UART78CLockSelection default value on MP1 is applicable
2020-09-16 21:38:28,786 [INFO] Rule:211 - rule align RCC USART35CLockSelection default value on MP1 is applicable
2020-09-16 21:38:28,786 [INFO] Rule:211 - rule align RCC SPI45CLockSelection default value on MP1 is applicable
2020-09-16 21:38:28,786 [INFO] Rule:211 - rule align RCC I2C46CLockSelection BCLK value on MP1 is applicable
2020-09-16 21:38:28,786 [INFO] Rule:211 - rule align RCC SPI45CLockSelection default value on MP1 is applicable
2020-09-16 21:38:28,787 [INFO] Rule:211 - rule align RCC I2C12CLockSelection default value on MP1 is applicable
2020-09-16 21:38:28,787 [INFO] Rule:211 - rule align RCC I2C35CLockSelection default value on MP1 is applicable
2020-09-16 21:38:28,787 [INFO] Rule:211 - rule align RCC LPTIM45CLockSelection default value on MP1 is applicable
2020-09-16 21:38:28,787 [INFO] Rule:211 - rule Rename DCMI PIXCK signal is applicable
2020-09-16 21:38:28,787 [INFO] Rule:211 - rule Change Default Value for I2C46CLockSelection MP1 family is applicable
2020-09-16 21:38:28,787 [INFO] Rule:211 - rule Change Default Value for UART for G4, G0 and WB families is applicable
2020-09-16 21:38:28,787 [INFO] Rule:211 - rule Change Default Value for USART for G4, G0 and WB families is applicable
2020-09-16 21:38:28,787 [INFO] Rule:211 - rule Change Default Value for USART for G4 family is applicable
2020-09-16 21:38:28,788 [INFO] Rule:211 - rule Change USART1CLockSelection refparam name for MP1 is applicable
2020-09-16 21:38:28,788 [INFO] Rule:211 - rule Change USART2CLockSelection refparam name for MP1 is applicable
2020-09-16 21:38:28,788 [INFO] Rule:211 - rule Change USART3CLockSelection refparam name for MP1 is applicable
2020-09-16 21:38:28,788 [INFO] Rule:211 - rule Change UART4CLockSelection refparam name for MP1 is applicable
2020-09-16 21:38:28,788 [INFO] Rule:211 - rule Change UART5CLockSelection refparam name for MP1 is applicable
2020-09-16 21:38:28,788 [INFO] Rule:211 - rule Change LPUART1CLockSelection refparam name for MP1 is applicable
2020-09-16 21:38:28,788 [INFO] Rule:211 - rule Change LPTIM1CLockSelection refparam name for MP1 is applicable
2020-09-16 21:38:28,788 [INFO] Rule:211 - rule Change LPTIM2CLockSelection refparam name for MP1 is applicable
2020-09-16 21:38:28,789 [INFO] Rule:211 - rule Change RCC_MCO1Source refparam name for MP1 is applicable
2020-09-16 21:38:28,789 [INFO] Rule:211 - rule Change LSCOSource1 refparam name for MP1 is applicable
2020-09-16 21:38:28,789 [INFO] Rule:211 - rule Change SMPSCLockSelection refparam name for MP1 is applicable
2020-09-16 21:38:28,789 [INFO] Rule:211 - rule Change LPTIM3CLockSelection refparam name for MP1 is applicable
2020-09-16 21:38:28,789 [INFO] Rule:211 - rule Change MPCBB* Default Template Mode to Parameters is applicable
2020-09-16 21:38:28,789 [INFO] Rule:211 - rule Change MPCWM* or MPCBB* Secure Mode to Parameters is applicable
2020-09-16 21:38:28,789 [INFO] Rule:211 - rule Change MPCWM* or MPCBB* No Secure Mode to Parameters is applicable
2020-09-16 21:38:28,790 [INFO] Rule:211 - rule Change TZSC IP Secure Mode to Parameters is applicable
2020-09-16 21:38:28,790 [INFO] Rule:211 - rule Change TZSC IP No Secure Mode to Parameters is applicable
2020-09-16 21:38:28,790 [INFO] Rule:211 - rule Change TZSC IP Privilege Mode to Parameters is applicable
2020-09-16 21:38:28,790 [INFO] Rule:211 - rule Change TZSC IP No Privilege Mode to Parameters is applicable
2020-09-16 21:38:28,790 [INFO] Rule:211 - rule Change TZIC IT Secure Mode to Parameters is applicable
2020-09-16 21:38:28,790 [INFO] Rule:211 - rule Change TZIC IT No Secure Mode to Parameters is applicable
2020-09-16 21:38:28,790 [INFO] Rule:211 - rule Add MPCBB1_NonSecureArea_Start_Address value with referenced to MPCBB1_NonSecureArea_Start value is applicable
2020-09-16 21:38:28,791 [INFO] Rule:211 - rule Add MPCBB2_NonSecureArea_Start_Address value with referenced to MPCBB2_NonSecureArea_Start value is applicable
2020-09-16 21:38:28,791 [INFO] Rule:211 - rule Add MPCWM1_NonSecureArea*_Start_Address value with referenced to MPCWM1_NonSecureArea*_Start value is applicable
2020-09-16 21:38:28,791 [INFO] Rule:211 - rule Add MPCWM2_NonSecureArea*_Start_Address value with referenced to MPCWM2_NonSecureArea*_Start value is applicable
2020-09-16 21:38:28,791 [INFO] Rule:211 - rule Add MPCWM3_NonSecureArea_Start_Address value with referenced to MPCWM3_NonSecureArea_Start value is applicable
2020-09-16 21:38:28,791 [INFO] Rule:211 - rule Change Default Value for PLL1UserDefinedConfig is applicable
2020-09-16 21:38:28,791 [INFO] Rule:211 - rule Change GPIO_PuPd Default Value for USART in async mode is applicable
2020-09-16 21:38:28,791 [INFO] Rule:211 - rule Change SMPSDivider Default Value is applicable
2020-09-16 21:38:28,791 [INFO] Rule:211 - rule OPAMP is applicable
2020-09-16 21:38:28,886 [INFO] DbConfProperties:294 - Apply Compatibility (46/174 Rules)
2020-09-16 21:38:28,950 [INFO] ImportTextPane:162 - (OptionalMessage_ERROR) Unable to find key (Mcu.ThirdPartyNb) in loaded IOC file
2020-09-16 21:38:29,231 [WARN] ApiManager:274 - Cannot register API 'Board Extension:GNSS1A1' from pack STMicroelectronics.X-CUBE-GNSS1.5.0.0: no header file found
2020-09-16 21:38:29,231 [WARN] ApiManager:274 - Cannot register API 'Board Support:Custom' from pack STMicroelectronics.X-CUBE-GNSS1.5.0.0: no header file found
2020-09-16 21:38:29,231 [WARN] ApiManager:274 - Cannot register API 'Data Exchange:lib_gnss' from pack STMicroelectronics.X-CUBE-GNSS1.5.0.0: no header file found
2020-09-16 21:38:29,232 [WARN] ApiManager:274 - Cannot register API 'Board Extension:S2868A1' from pack STMicroelectronics.X-CUBE-SUBG2.2.0.0: no header file found
2020-09-16 21:38:29,325 [WARN] ApiManager:274 - Cannot register API 'Board Extension:S2868A2' from pack STMicroelectronics.X-CUBE-SUBG2.2.0.0: no header file found
2020-09-16 21:38:29,325 [WARN] ApiManager:274 - Cannot register API 'Board Extension:S2915A1' from pack STMicroelectronics.X-CUBE-SUBG2.2.0.0: no header file found
2020-09-16 21:38:29,326 [WARN] ApiManager:274 - Cannot register API 'Wireless:BlueNRG-MS' from pack STMicroelectronics.X-CUBE-BLE1.6.0.0: no header file found
2020-09-16 21:38:29,475 [WARN] ApiManager:274 - Cannot register API 'Board Extension:IKS01A3' from pack STMicroelectronics.X-CUBE-MEMS1.8.1.1: no header file found
2020-09-16 21:38:29,475 [WARN] ApiManager:274 - Cannot register API 'Board Extension:IKS01A2' from pack STMicroelectronics.X-CUBE-MEMS1.8.1.1: no header file found
2020-09-16 21:38:29,476 [WARN] ApiManager:274 - Cannot register API 'Board Extension:IKS02A1' from pack STMicroelectronics.X-CUBE-MEMS1.8.1.1: no header file found
2020-09-16 21:38:29,486 [WARN] ApiManager:274 - Cannot register API 'Wireless:BlueNRG-2' from pack STMicroelectronics.X-CUBE-BLE2.2.0.0: no header file found
2020-09-16 21:38:30,204 [INFO] ImportTextPane:162 - (OptionalMessage_ERROR) IP (RCC) : Parameter (RTCHSEDivFreq_Value) has invalid value (4000000)
2020-09-16 21:38:44,383 [INFO] UtilMem:74 - End LoadConfig() Used Memory: 373187320 Bytes (596639744)
2020-09-16 21:38:44,385 [WARN] ThirdParty:741 - waiting for thirdparty lock release [change project]
2020-09-16 21:38:44,385 [INFO] ThirdParty:743 - entering critical section [change project]
2020-09-16 21:38:44,386 [INFO] ThirdParty:968 - CMSIS Pack Vendor :STMicroelectronics X-CUBE-GNSS1 5.0.0
2020-09-16 21:38:44,386 [INFO] ThirdParty:968 - CMSIS Pack Vendor :STMicroelectronics X-CUBE-SUBG2 2.0.0
2020-09-16 21:38:44,386 [INFO] ThirdParty:968 - CMSIS Pack Vendor :STMicroelectronics X-CUBE-BLE1 6.0.0
2020-09-16 21:38:44,386 [INFO] ThirdParty:968 - CMSIS Pack Vendor :STMicroelectronics X-CUBE-MEMS1 8.1.1
2020-09-16 21:38:44,386 [INFO] ThirdParty:968 - CMSIS Pack Vendor :STMicroelectronics X-CUBE-TOUCHGFX 4.14.0
2020-09-16 21:38:44,386 [INFO] ThirdParty:968 - CMSIS Pack Vendor :STMicroelectronics X-CUBE-AI 5.1.2
2020-09-16 21:38:44,386 [INFO] ThirdParty:968 - CMSIS Pack Vendor :STMicroelectronics X-CUBE-NFC4 2.0.0
2020-09-16 21:38:44,387 [INFO] ThirdParty:968 - CMSIS Pack Vendor :STMicroelectronics X-CUBE-BLE2 2.0.0
2020-09-16 21:38:44,387 [INFO] ThirdParty:968 - CMSIS Pack Vendor :STMicroelectronics X-CUBE-ALGOBUILD 1.1.0
2020-09-16 21:38:44,387 [INFO] ThirdParty:749 - exiting critical section [change project]
2020-09-16 21:38:45,073 [INFO] PinOutPanel:1418 - setPackage(No Configuration,No Configuration)
2020-09-16 21:38:45,075 [INFO] PinOutPanel:1418 - setPackage(STM32F401RETx,LQFP64)
2020-09-16 21:38:47,178 [INFO] UtilMem:74 - Before build in PCC Used Memory: 378539408 Bytes (596639744)
2020-09-16 21:38:49,990 [INFO] SharedServices:71 - Folder for power plug-in: C:/Users/Karol/.stm32cubemx/plugins/power
2020-09-16 21:38:50,417 [INFO] SharedServices:71 - Folder for power plug-in: C:/Users/Karol/.stm32cubemx/plugins/power
2020-09-16 21:38:51,348 [INFO] SharedServices:71 - Folder for power plug-in: C:/Users/Karol/.stm32cubemx/plugins/power
2020-09-16 21:38:51,380 [INFO] SharedServices:71 - Folder for power plug-in: C:/Users/Karol/.stm32cubemx/plugins/power
2020-09-16 21:38:52,081 [INFO] UtilMem:74 - After build in PCC Used Memory: 433587608 Bytes (596639744)
2020-09-16 21:38:52,108 [INFO] IPUIPlugin:64 - create IPUIPlugin
2020-09-16 21:38:52,109 [INFO] IPUIPlugin:64 - create IPUIPlugin
2020-09-16 21:38:52,109 [INFO] IPUIPlugin:64 - create IPUIPlugin
2020-09-16 21:38:52,109 [INFO] IPUIPlugin:64 - create IPUIPlugin
2020-09-16 21:38:52,109 [INFO] IPUIPlugin:64 - create IPUIPlugin
2020-09-16 21:38:52,110 [INFO] IPUIPlugin:64 - create IPUIPlugin
2020-09-16 21:38:52,110 [INFO] IPUIPlugin:64 - create IPUIPlugin
2020-09-16 21:38:52,110 [INFO] IPUIPlugin:64 - create IPUIPlugin
2020-09-16 21:38:52,110 [INFO] IPUIPlugin:64 - create IPUIPlugin
2020-09-16 21:38:52,186 [INFO] IPUIPlugin:64 - create IPUIPlugin
2020-09-16 21:38:52,186 [INFO] IPUIPlugin:64 - create IPUIPlugin
2020-09-16 21:38:52,187 [INFO] IPUIPlugin:64 - create IPUIPlugin
2020-09-16 21:38:52,187 [INFO] IPUIPlugin:64 - create IPUIPlugin
2020-09-16 21:38:52,187 [INFO] IPUIPlugin:64 - create IPUIPlugin
2020-09-16 21:38:52,187 [INFO] IPUIPlugin:64 - create IPUIPlugin
2020-09-16 21:38:52,188 [INFO] IPUIPlugin:64 - create IPUIPlugin
2020-09-16 21:38:52,188 [INFO] IPUIPlugin:64 - create IPUIPlugin
2020-09-16 21:38:52,188 [INFO] IPUIPlugin:64 - create IPUIPlugin
2020-09-16 21:38:52,188 [INFO] IPUIPlugin:64 - create IPUIPlugin
2020-09-16 21:38:52,189 [INFO] IPUIPlugin:64 - create IPUIPlugin
2020-09-16 21:38:52,189 [INFO] IPUIPlugin:64 - create IPUIPlugin
2020-09-16 21:38:52,189 [INFO] IPUIPlugin:64 - create IPUIPlugin
2020-09-16 21:38:52,189 [INFO] IPUIPlugin:64 - create IPUIPlugin
2020-09-16 21:38:52,190 [INFO] IPUIPlugin:64 - create IPUIPlugin
2020-09-16 21:38:52,190 [INFO] IPUIPlugin:64 - create IPUIPlugin
2020-09-16 21:38:52,190 [INFO] IPUIPlugin:64 - create IPUIPlugin
2020-09-16 21:38:52,192 [INFO] IPUIPlugin:64 - create IPUIPlugin
2020-09-16 21:38:52,192 [INFO] IPUIPlugin:64 - create IPUIPlugin
2020-09-16 21:38:52,192 [INFO] IPUIPlugin:64 - create IPUIPlugin
2020-09-16 21:38:52,193 [INFO] IPUIPlugin:64 - create IPUIPlugin
2020-09-16 21:38:52,193 [INFO] IPUIPlugin:64 - create IPUIPlugin
2020-09-16 21:38:52,193 [INFO] IPUIPlugin:64 - create IPUIPlugin
2020-09-16 21:38:52,193 [INFO] IPUIPlugin:64 - create IPUIPlugin
2020-09-16 21:38:52,194 [INFO] IPUIPlugin:64 - create IPUIPlugin
2020-09-16 21:38:52,194 [INFO] IPUIPlugin:64 - create IPUIPlugin
2020-09-16 21:38:52,194 [INFO] IPUIPlugin:64 - create IPUIPlugin
2020-09-16 21:38:52,194 [INFO] IPUIPlugin:64 - create IPUIPlugin
2020-09-16 21:38:52,195 [INFO] IPUIPlugin:64 - create IPUIPlugin
2020-09-16 21:38:52,338 [INFO] LogOutputStream:76 - [STDOUT_REDIRECT] toolchainItems.length=====1
2020-09-16 21:38:52,976 [INFO] OpenFileManager:294 - Restore cursor
2020-09-16 21:38:53,911 [INFO] UtilMem:74 - End SaveConfig() Used Memory: 498768528 Bytes (596639744)
2020-09-16 21:38:56,595 [INFO] ServerAccessManage:348 - Download File stm32cube_fw_f4_v1250.zip
2020-09-16 21:47:29,273 [ERROR] LoadServerPackagesThread:774 - Invalid MD5 verification.
2020-09-16 21:47:39,227 [INFO] LoadServerPackagesThread:160 - End of LoadServerPackages Thread
2020-09-16 21:47:39,357 [INFO] CheckServerUpdateThread:102 - End of CheckServer Thread
2020-09-16 21:50:21,764 [INFO] ApiDb:226 - Save user favorites file C:\Users\Karol/.stm32cubeide/favorites.mcus.txt: 0 item(s)
2020-09-16 21:50:21,765 [INFO] ApiDb:230 - User favorites MCUs=[]
2020-09-16 21:50:21,769 [INFO] ApiDb:226 - Save user favorites file C:\Users\Karol/.stm32cubeide/favorites.boards.txt: 0 item(s)
2020-09-16 21:50:21,770 [INFO] ApiDb:230 - User favorites Boards=[]
2020-09-16 21:50:39,718 [INFO] ServerAccessManage:348 - Download File stm32cube_fw_f4_v1250.zip
2020-09-16 22:00:18,142 [ERROR] LoadServerPackagesThread:774 - Invalid MD5 verification.
2020-09-16 22:00:27,900 [INFO] LoadServerPackagesThread:160 - End of LoadServerPackages Thread
2020-09-16 22:00:27,970 [INFO] CheckServerUpdateThread:102 - End of CheckServer Thread
2020-09-16 22:00:34,337 [INFO] ServerAccessManage:348 - Download File stm32cube_fw_f4_v1250.zip
2020-09-16 22:03:04,899 [ERROR] ServerAccessManage:406 - Timeout Exception during http download :Read timed out
2020-09-16 22:03:04,901 [ERROR] ServerAccessManage:517 - Problem, Http timeout : stm32cube_fw_f4_v1250.zip.
2020-09-16 22:03:06,329 [INFO] LoadServerPackagesThread:160 - End of LoadServerPackages Thread
2020-09-16 22:03:06,417 [INFO] CheckServerUpdateThread:102 - End of CheckServer Thread
2020-09-16 22:04:39,543 [INFO] ServerAccessManage:348 - Download File stm32cube_fw_f4_v1250.zip
2020-09-16 22:12:37,684 [INFO] FileExtend:225 - Unzip File : stm32cube_fw_f4_v1250.zip
2020-09-16 22:12:37,685 [INFO] FileExtend:240 - Standard Zip Deflate
2020-09-16 22:13:24,042 [INFO] ServerAccessManage:348 - Download File stm32cube_fw_f4_v1251.zip
2020-09-16 22:15:18,615 [INFO] FileExtend:225 - Unzip File : stm32cube_fw_f4_v1251.zip
2020-09-16 22:15:18,617 [INFO] FileExtend:240 - Standard Zip Deflate
2020-09-16 22:15:19,354 [INFO] LoadServerPackagesThread:160 - End of LoadServerPackages Thread
2020-09-16 22:15:19,418 [INFO] UtilMem:74 - End SaveConfig() Used Memory: 424185344 Bytes (1073741824)
2020-09-16 22:15:19,426 [INFO] CheckServerUpdateThread:102 - End of CheckServer Thread
2020-09-16 22:15:20,076 [INFO] BlockDiagram:2729 - set Specific Code input for plugin: NVIC
2020-09-16 22:15:20,076 [INFO] BlockDiagram:2729 - set Specific Code input for plugin: USART
2020-09-16 22:15:20,076 [INFO] BlockDiagram:2729 - set Specific Code input for plugin: SYS
2020-09-16 22:15:20,076 [INFO] BlockDiagram:2729 - set Specific Code input for plugin: GPIO
2020-09-16 22:15:20,076 [INFO] BlockDiagram:2729 - set Specific Code input for plugin: RCC
2020-09-16 22:15:20,078 [INFO] CodeGenerator:622 - code generatio: config db path: C:\ST\STM32CubeIDE_1.4.0\STM32CubeIDE\plugins\com.st.stm32cube.common.mx_6.0.0.202007160824\\db\
2020-09-16 22:15:20,632 [INFO] CodeEngine:188 - oldGeneratedFile, D:\Karol\Documents\Dokumenty\repozytoria\drone\nucleo-f401re-freertos-drone\MXTmpFiles\license.tmp_save
2020-09-16 22:15:21,252 [INFO] CodeEngine:206 - Generated code: D:\Karol\Documents\Dokumenty\repozytoria\drone\nucleo-f401re-freertos-drone\MXTmpFiles\license.tmp
2020-09-16 22:15:21,425 [INFO] CodeEngine:188 - oldGeneratedFile, D:\Karol\Documents\Dokumenty\repozytoria\drone\nucleo-f401re-freertos-drone\MXTmpFiles\gpio.tmp_save
2020-09-16 22:15:21,603 [INFO] CodeEngine:206 - Generated code: D:\Karol\Documents\Dokumenty\repozytoria\drone\nucleo-f401re-freertos-drone\MXTmpFiles\gpio.tmp
2020-09-16 22:15:21,713 [INFO] LogOutputStream:76 - [STDOUT_REDIRECT] Command line
2020-09-16 22:15:21,726 [INFO] CodeEngine:188 - oldGeneratedFile, D:\Karol\Documents\Dokumenty\repozytoria\drone\nucleo-f401re-freertos-drone\Core\Src\stm32f4xx_it.c_save
2020-09-16 22:15:21,911 [INFO] CodeEngine:206 - Generated code: D:\Karol\Documents\Dokumenty\repozytoria\drone\nucleo-f401re-freertos-drone\Core\Src\stm32f4xx_it.c
2020-09-16 22:15:21,918 [INFO] CodeEngine:188 - oldGeneratedFile, D:\Karol\Documents\Dokumenty\repozytoria\drone\nucleo-f401re-freertos-drone\Core\Inc\stm32f4xx_it.h_save
2020-09-16 22:15:22,021 [INFO] CodeEngine:206 - Generated code: D:\Karol\Documents\Dokumenty\repozytoria\drone\nucleo-f401re-freertos-drone\Core\Inc\stm32f4xx_it.h
2020-09-16 22:15:22,037 [INFO] CodeEngine:188 - oldGeneratedFile, D:\Karol\Documents\Dokumenty\repozytoria\drone\nucleo-f401re-freertos-drone\Core\Src\stm32f4xx_hal_msp.c_save
2020-09-16 22:15:22,187 [INFO] CodeEngine:206 - Generated code: D:\Karol\Documents\Dokumenty\repozytoria\drone\nucleo-f401re-freertos-drone\Core\Src\stm32f4xx_hal_msp.c
2020-09-16 22:15:22,195 [INFO] CodeEngine:188 - oldGeneratedFile, D:\Karol\Documents\Dokumenty\repozytoria\drone\nucleo-f401re-freertos-drone\MXTmpFiles\system.tmp_save
2020-09-16 22:15:22,284 [INFO] CodeEngine:206 - Generated code: D:\Karol\Documents\Dokumenty\repozytoria\drone\nucleo-f401re-freertos-drone\MXTmpFiles\system.tmp
2020-09-16 22:15:22,296 [INFO] CodeEngine:188 - oldGeneratedFile, D:\Karol\Documents\Dokumenty\repozytoria\drone\nucleo-f401re-freertos-drone\Core\Inc\stm32f4xx_hal_conf.h_save
2020-09-16 22:15:22,412 [INFO] CodeEngine:206 - Generated code: D:\Karol\Documents\Dokumenty\repozytoria\drone\nucleo-f401re-freertos-drone\Core\Inc\stm32f4xx_hal_conf.h
2020-09-16 22:15:22,460 [WARN] IPConfigManager:2884 - IP not found : gpio
2020-09-16 22:15:22,462 [WARN] CodeGenerator:2866 - IP not found : gpio
2020-09-16 22:15:22,470 [INFO] CodeEngine:188 - oldGeneratedFile, D:\Karol\Documents\Dokumenty\repozytoria\drone\nucleo-f401re-freertos-drone\Core\Inc\main.h_save
2020-09-16 22:15:22,588 [INFO] CodeEngine:206 - Generated code: D:\Karol\Documents\Dokumenty\repozytoria\drone\nucleo-f401re-freertos-drone\Core\Inc\main.h
2020-09-16 22:15:22,597 [INFO] CodeEngine:188 - oldGeneratedFile, D:\Karol\Documents\Dokumenty\repozytoria\drone\nucleo-f401re-freertos-drone\Core\Src\main.c_save
2020-09-16 22:15:22,780 [INFO] CodeEngine:206 - Generated code: D:\Karol\Documents\Dokumenty\repozytoria\drone\nucleo-f401re-freertos-drone\Core\Src\main.c
2020-09-16 22:15:23,641 [INFO] ProjectBuilder:2168 - Time for Copy HAL[1] : 88mS.
2020-09-16 22:15:23,647 [INFO] ProjectBuilder:2988 - Project Generator version: 3.10.0-B14
2020-09-16 22:15:25,840 [INFO] ConfigFileManager:1183 - The Die is : DIE433
2020-09-16 22:15:25,855 [INFO] ApiDbMcu:456 - Load IP Config File for FATFS
2020-09-16 22:15:25,859 [INFO] ApiDbMcu:456 - Load IP Config File for FREERTOS
2020-09-16 22:15:25,862 [INFO] ApiDbMcu:456 - Load IP Config File for LIBJPEG
2020-09-16 22:15:25,868 [INFO] ApiDbMcu:456 - Load IP Config File for MBEDTLS
2020-09-16 22:15:25,870 [INFO] ApiDbMcu:456 - Load IP Config File for PDM2PCM
2020-09-16 22:15:25,889 [INFO] ApiDbMcu:456 - Load IP Config File for USB_DEVICE
2020-09-16 22:15:25,896 [INFO] ApiDbMcu:456 - Load IP Config File for USB_HOST
2020-09-16 22:15:33,868 [ERROR] root:96 - SUCCESS
2020-09-16 22:15:33,944 [INFO] ProjectBuilder:3155 - Time for Generating toolchain IDE Files: 10297mS.
2020-09-16 22:15:33,945 [INFO] ProjectBuilder:2044 - Time for Copy CMSIS : 1mS.
2020-09-16 22:15:33,947 [INFO] ProjectBuilder:2044 - Time for Copy CMSIS : 0mS.
2020-09-16 22:19:22,228 [ERROR] FreeRTOS:500 - Case being investigated as it may cause exception (when called to early by set config state
2020-09-16 22:19:22,258 [ERROR] FreeRTOS:500 - Case being investigated as it may cause exception (when called to early by set config state
2020-09-16 22:19:22,263 [ERROR] FreeRTOS:500 - Case being investigated as it may cause exception (when called to early by set config state
2020-09-16 22:19:22,475 [ERROR] RtosPanel:523 - Can not restore the selected Tab for FREERTOS(A reason can be that the tab is no more available.)
2020-09-16 22:19:22,603 [ERROR] RtosPanel:523 - Can not restore the selected Tab for FREERTOS(A reason can be that the tab is no more available.)
2020-09-16 22:19:22,683 [ERROR] RtosPanel:523 - Can not restore the selected Tab for FREERTOS(A reason can be that the tab is no more available.)
2020-09-16 22:21:05,984 [INFO] TasksAndQueuesTab:731 - Dynamic
2020-09-16 22:21:05,984 [WARN] TasksAndQueuesTab:737 - 128 128
2020-09-16 22:21:05,984 [WARN] TasksAndQueuesTab:749 - max value is: 3840.0
2020-09-16 22:21:08,860 [INFO] EditThreadDialog:688 - RAM SIZE (in KB): 96
2020-09-16 22:21:08,860 [INFO] EditThreadDialog:690 - RAM SIZE (in words): 24576
2020-09-16 22:22:29,264 [INFO] TasksAndQueuesTab:731 - Dynamic
2020-09-16 22:22:29,265 [WARN] TasksAndQueuesTab:737 - 128 128
2020-09-16 22:22:29,265 [WARN] TasksAndQueuesTab:749 - max value is: 3840.0
2020-09-16 22:22:29,417 [ERROR] RtosPanel:523 - Can not restore the selected Tab for FREERTOS(A reason can be that the tab is no more available.)
2020-09-16 22:22:40,471 [INFO] TasksAndQueuesTab:731 - Dynamic
2020-09-16 22:22:40,472 [WARN] TasksAndQueuesTab:737 - 128 128
2020-09-16 22:22:40,472 [WARN] TasksAndQueuesTab:749 - max value is: 3840.0
2020-09-16 22:22:43,986 [INFO] EditThreadDialog:688 - RAM SIZE (in KB): 96
2020-09-16 22:22:43,987 [INFO] EditThreadDialog:690 - RAM SIZE (in words): 24576
2020-09-16 22:23:26,348 [INFO] TasksAndQueuesTab:731 - Dynamic
2020-09-16 22:23:26,348 [WARN] TasksAndQueuesTab:737 - 128 128
2020-09-16 22:23:26,349 [WARN] TasksAndQueuesTab:749 - max value is: 3840.0
2020-09-16 22:23:26,349 [INFO] TasksAndQueuesTab:731 - Dynamic
2020-09-16 22:23:26,350 [WARN] TasksAndQueuesTab:737 - 128 128
2020-09-16 22:23:26,358 [WARN] TasksAndQueuesTab:749 - max value is: 3840.0
2020-09-16 22:23:31,714 [INFO] EditThreadDialog:688 - RAM SIZE (in KB): 96
2020-09-16 22:23:31,714 [INFO] EditThreadDialog:690 - RAM SIZE (in words): 24576
2020-09-16 22:23:34,826 [INFO] EditThreadDialog:688 - RAM SIZE (in KB): 96
2020-09-16 22:23:34,827 [INFO] EditThreadDialog:690 - RAM SIZE (in words): 24576
2020-09-16 22:24:01,016 [INFO] UtilMem:74 - End SaveConfig() Used Memory: 517044088 Bytes (1073741824)
2020-09-16 22:28:17,695 [INFO] UtilMem:74 - End SaveConfig() Used Memory: 677670792 Bytes (1073741824)
2020-09-16 22:29:41,031 [INFO] UtilMem:74 - End SaveConfig() Used Memory: 676833864 Bytes (1073741824)
2020-09-16 22:29:42,539 [INFO] UtilMem:74 - End SaveConfig() Used Memory: 686567288 Bytes (1073741824)
2020-09-16 22:29:57,833 [INFO] UtilMem:74 - End SaveConfig() Used Memory: 723267448 Bytes (1073741824)
2020-09-16 22:29:58,368 [INFO] BlockDiagram:2729 - set Specific Code input for plugin: NVIC
2020-09-16 22:29:58,369 [INFO] BlockDiagram:2729 - set Specific Code input for plugin: FREERTOS
2020-09-16 22:29:58,369 [INFO] BlockDiagram:2729 - set Specific Code input for plugin: USART
2020-09-16 22:29:58,369 [INFO] BlockDiagram:2729 - set Specific Code input for plugin: SYS
2020-09-16 22:29:58,369 [INFO] BlockDiagram:2729 - set Specific Code input for plugin: GPIO
2020-09-16 22:29:58,369 [INFO] BlockDiagram:2729 - set Specific Code input for plugin: RCC
2020-09-16 22:29:58,370 [INFO] CodeGenerator:622 - code generatio: config db path: C:\ST\STM32CubeIDE_1.4.0\STM32CubeIDE\plugins\com.st.stm32cube.common.mx_6.0.0.202007160824\\db\
2020-09-16 22:29:58,686 [INFO] CodeEngine:188 - oldGeneratedFile, D:\Karol\Documents\Dokumenty\repozytoria\drone\nucleo-f401re-freertos-drone\MXTmpFiles\license.tmp_save
2020-09-16 22:29:58,767 [INFO] CodeEngine:206 - Generated code: D:\Karol\Documents\Dokumenty\repozytoria\drone\nucleo-f401re-freertos-drone\MXTmpFiles\license.tmp
2020-09-16 22:29:58,793 [INFO] CodeEngine:188 - oldGeneratedFile, D:\Karol\Documents\Dokumenty\repozytoria\drone\nucleo-f401re-freertos-drone\MXTmpFiles\gpio.tmp_save
2020-09-16 22:29:58,882 [INFO] CodeEngine:206 - Generated code: D:\Karol\Documents\Dokumenty\repozytoria\drone\nucleo-f401re-freertos-drone\MXTmpFiles\gpio.tmp
2020-09-16 22:29:58,949 [INFO] LogOutputStream:76 - [STDOUT_REDIRECT] Command line
2020-09-16 22:29:59,001 [INFO] Middleware:1168 - No code input for Bsp Dependency
2020-09-16 22:29:59,013 [INFO] CodeEngine:188 - oldGeneratedFile, D:\Karol\Documents\Dokumenty\repozytoria\drone\nucleo-f401re-freertos-drone\MXTmpFiles\rtos_inc.tmp_save
2020-09-16 22:29:59,167 [INFO] CodeEngine:206 - Generated code: D:\Karol\Documents\Dokumenty\repozytoria\drone\nucleo-f401re-freertos-drone\MXTmpFiles\rtos_inc.tmp
2020-09-16 22:29:59,177 [INFO] CodeEngine:188 - oldGeneratedFile, D:\Karol\Documents\Dokumenty\repozytoria\drone\nucleo-f401re-freertos-drone\MXTmpFiles\rtos_kernelInit.tmp_save
2020-09-16 22:29:59,256 [INFO] CodeEngine:206 - Generated code: D:\Karol\Documents\Dokumenty\repozytoria\drone\nucleo-f401re-freertos-drone\MXTmpFiles\rtos_kernelInit.tmp
2020-09-16 22:29:59,263 [INFO] CodeEngine:188 - oldGeneratedFile, D:\Karol\Documents\Dokumenty\repozytoria\drone\nucleo-f401re-freertos-drone\MXTmpFiles\rtos_kernelStart.tmp_save
2020-09-16 22:29:59,326 [INFO] CodeEngine:206 - Generated code: D:\Karol\Documents\Dokumenty\repozytoria\drone\nucleo-f401re-freertos-drone\MXTmpFiles\rtos_kernelStart.tmp
2020-09-16 22:29:59,335 [INFO] CodeEngine:188 - oldGeneratedFile, D:\Karol\Documents\Dokumenty\repozytoria\drone\nucleo-f401re-freertos-drone\MXTmpFiles\rtos_typedefs.tmp_save
2020-09-16 22:29:59,414 [INFO] CodeEngine:206 - Generated code: D:\Karol\Documents\Dokumenty\repozytoria\drone\nucleo-f401re-freertos-drone\MXTmpFiles\rtos_typedefs.tmp
2020-09-16 22:29:59,422 [INFO] CodeEngine:188 - oldGeneratedFile, D:\Karol\Documents\Dokumenty\repozytoria\drone\nucleo-f401re-freertos-drone\MXTmpFiles\rtos_vars.tmp_save
2020-09-16 22:29:59,512 [INFO] CodeEngine:206 - Generated code: D:\Karol\Documents\Dokumenty\repozytoria\drone\nucleo-f401re-freertos-drone\MXTmpFiles\rtos_vars.tmp
2020-09-16 22:29:59,520 [INFO] CodeEngine:188 - oldGeneratedFile, D:\Karol\Documents\Dokumenty\repozytoria\drone\nucleo-f401re-freertos-drone\MXTmpFiles\rtos_pfp.tmp_save
2020-09-16 22:29:59,601 [INFO] CodeEngine:206 - Generated code: D:\Karol\Documents\Dokumenty\repozytoria\drone\nucleo-f401re-freertos-drone\MXTmpFiles\rtos_pfp.tmp
2020-09-16 22:29:59,611 [INFO] CodeEngine:188 - oldGeneratedFile, D:\Karol\Documents\Dokumenty\repozytoria\drone\nucleo-f401re-freertos-drone\MXTmpFiles\rtos_obj_creat.tmp_save
2020-09-16 22:29:59,686 [INFO] CodeEngine:206 - Generated code: D:\Karol\Documents\Dokumenty\repozytoria\drone\nucleo-f401re-freertos-drone\MXTmpFiles\rtos_obj_creat.tmp
2020-09-16 22:29:59,695 [INFO] CodeEngine:188 - oldGeneratedFile, D:\Karol\Documents\Dokumenty\repozytoria\drone\nucleo-f401re-freertos-drone\MXTmpFiles\rtos_default_thread.tmp_save
2020-09-16 22:29:59,775 [INFO] CodeEngine:206 - Generated code: D:\Karol\Documents\Dokumenty\repozytoria\drone\nucleo-f401re-freertos-drone\MXTmpFiles\rtos_default_thread.tmp
2020-09-16 22:29:59,783 [INFO] CodeEngine:188 - oldGeneratedFile, D:\Karol\Documents\Dokumenty\repozytoria\drone\nucleo-f401re-freertos-drone\MXTmpFiles\rtos_threads.tmp_save
2020-09-16 22:29:59,863 [INFO] CodeEngine:206 - Generated code: D:\Karol\Documents\Dokumenty\repozytoria\drone\nucleo-f401re-freertos-drone\MXTmpFiles\rtos_threads.tmp
2020-09-16 22:29:59,870 [INFO] CodeEngine:188 - oldGeneratedFile, D:\Karol\Documents\Dokumenty\repozytoria\drone\nucleo-f401re-freertos-drone\Core\Inc\FreeRTOSConfig.h_save
2020-09-16 22:29:59,979 [INFO] CodeEngine:206 - Generated code: D:\Karol\Documents\Dokumenty\repozytoria\drone\nucleo-f401re-freertos-drone\Core\Inc\FreeRTOSConfig.h
2020-09-16 22:29:59,988 [INFO] CodeEngine:188 - oldGeneratedFile, D:\Karol\Documents\Dokumenty\repozytoria\drone\nucleo-f401re-freertos-drone\Core\Src\freertos.c_save
2020-09-16 22:30:00,071 [INFO] CodeEngine:206 - Generated code: D:\Karol\Documents\Dokumenty\repozytoria\drone\nucleo-f401re-freertos-drone\Core\Src\freertos.c
2020-09-16 22:30:00,073 [INFO] LogOutputStream:76 - [STDOUT_REDIRECT] Command line
2020-09-16 22:30:00,083 [INFO] CodeEngine:188 - oldGeneratedFile, D:\Karol\Documents\Dokumenty\repozytoria\drone\nucleo-f401re-freertos-drone\Core\Src\stm32f4xx_it.c_save
2020-09-16 22:30:00,202 [INFO] CodeEngine:206 - Generated code: D:\Karol\Documents\Dokumenty\repozytoria\drone\nucleo-f401re-freertos-drone\Core\Src\stm32f4xx_it.c
2020-09-16 22:30:00,211 [INFO] CodeEngine:188 - oldGeneratedFile, D:\Karol\Documents\Dokumenty\repozytoria\drone\nucleo-f401re-freertos-drone\Core\Inc\stm32f4xx_it.h_save
2020-09-16 22:30:00,297 [INFO] CodeEngine:206 - Generated code: D:\Karol\Documents\Dokumenty\repozytoria\drone\nucleo-f401re-freertos-drone\Core\Inc\stm32f4xx_it.h
2020-09-16 22:30:00,310 [INFO] CodeEngine:188 - oldGeneratedFile, D:\Karol\Documents\Dokumenty\repozytoria\drone\nucleo-f401re-freertos-drone\Core\Src\stm32f4xx_hal_msp.c_save
2020-09-16 22:30:00,444 [INFO] CodeEngine:206 - Generated code: D:\Karol\Documents\Dokumenty\repozytoria\drone\nucleo-f401re-freertos-drone\Core\Src\stm32f4xx_hal_msp.c
2020-09-16 22:30:00,451 [INFO] CodeEngine:188 - oldGeneratedFile, D:\Karol\Documents\Dokumenty\repozytoria\drone\nucleo-f401re-freertos-drone\MXTmpFiles\system.tmp_save
2020-09-16 22:30:00,529 [INFO] CodeEngine:206 - Generated code: D:\Karol\Documents\Dokumenty\repozytoria\drone\nucleo-f401re-freertos-drone\MXTmpFiles\system.tmp
2020-09-16 22:30:00,536 [INFO] CodeEngine:188 - oldGeneratedFile, D:\Karol\Documents\Dokumenty\repozytoria\drone\nucleo-f401re-freertos-drone\Core\Src\stm32f4xx_hal_timebase_tim.c_save
2020-09-16 22:30:00,618 [INFO] CodeEngine:206 - Generated code: D:\Karol\Documents\Dokumenty\repozytoria\drone\nucleo-f401re-freertos-drone\Core\Src\stm32f4xx_hal_timebase_tim.c
2020-09-16 22:30:00,627 [INFO] CodeEngine:188 - oldGeneratedFile, D:\Karol\Documents\Dokumenty\repozytoria\drone\nucleo-f401re-freertos-drone\Core\Inc\stm32f4xx_hal_conf.h_save
2020-09-16 22:30:00,728 [INFO] CodeEngine:206 - Generated code: D:\Karol\Documents\Dokumenty\repozytoria\drone\nucleo-f401re-freertos-drone\Core\Inc\stm32f4xx_hal_conf.h
2020-09-16 22:30:00,756 [WARN] IPConfigManager:2884 - IP not found : gpio
2020-09-16 22:30:00,757 [WARN] CodeGenerator:2866 - IP not found : gpio
2020-09-16 22:30:00,764 [INFO] CodeEngine:188 - oldGeneratedFile, D:\Karol\Documents\Dokumenty\repozytoria\drone\nucleo-f401re-freertos-drone\Core\Inc\main.h_save
2020-09-16 22:30:00,859 [INFO] CodeEngine:206 - Generated code: D:\Karol\Documents\Dokumenty\repozytoria\drone\nucleo-f401re-freertos-drone\Core\Inc\main.h
2020-09-16 22:30:00,869 [INFO] CodeEngine:188 - oldGeneratedFile, D:\Karol\Documents\Dokumenty\repozytoria\drone\nucleo-f401re-freertos-drone\Core\Src\main.c_save
2020-09-16 22:30:01,196 [INFO] CodeEngine:206 - Generated code: D:\Karol\Documents\Dokumenty\repozytoria\drone\nucleo-f401re-freertos-drone\Core\Src\main.c
2020-09-16 22:30:02,028 [INFO] ProjectBuilder:2168 - Time for Copy HAL[1] : 160mS.
2020-09-16 22:30:02,033 [INFO] ProjectBuilder:2988 - Project Generator version: 3.10.0-B14
2020-09-16 22:30:02,304 [INFO] ConfigFileManager:1183 - The Die is : DIE433
2020-09-16 22:30:05,408 [INFO] ProjectBuilder:3155 - Time for Generating toolchain IDE Files: 3375mS.
2020-09-16 22:30:05,409 [INFO] ProjectBuilder:2044 - Time for Copy CMSIS : 1mS.
2020-09-16 22:30:05,416 [INFO] ProjectBuilder:2044 - Time for Copy CMSIS : 0mS.
